TITLE : 2D Beam with 400 elements
        (17:37:26 on May 3, 2020, Sunday)

C O N T R O L   I N F O R M A T I O N

      NUMBER OF NODAL POINTS . . . . . . . . . . (NUMNP)  =   451
      NUMBER OF ELEMENT GROUPS . . . . . . . . . (NUMEG)  =     1
      NUMBER OF LOAD CASES . . . . . . . . . . . (NLCASE) =     2
      SOLUTION MODE  . . . . . . . . . . . . . . (MODEX)  =     3
         EQ.0, DATA CHECK
         EQ.1, STATISTIC
         EQ.2, MODAL ANALYSIS
         EQ.3, DYNAMICS

 N O D A L   P O I N T   D A T A

    NODE       BOUNDARY                         NODAL POINT
   NUMBER  CONDITION  CODES                     COORDINATES
        1    1    1    1       0.00000e+00    0.00000e+00    0.00000e+00
        2    1    1    1       0.00000e+00    5.00000e-02    0.00000e+00
        3    1    1    1       0.00000e+00    1.00000e-01    0.00000e+00
        4    1    1    1       0.00000e+00    1.50000e-01    0.00000e+00
        5    1    1    1       0.00000e+00    2.00000e-01    0.00000e+00
        6    1    1    1       0.00000e+00    2.50000e-01    0.00000e+00
        7    1    1    1       0.00000e+00    3.00000e-01    0.00000e+00
        8    1    1    1       0.00000e+00    3.50000e-01    0.00000e+00
        9    1    1    1       0.00000e+00    4.00000e-01    0.00000e+00
       10    1    1    1       0.00000e+00    4.50000e-01    0.00000e+00
       11    1    1    1       0.00000e+00    5.00000e-01    0.00000e+00
       12    0    0    1       5.00000e-02    0.00000e+00    0.00000e+00
       13    0    0    1       5.00000e-02    5.00000e-02    0.00000e+00
       14    0    0    1       5.00000e-02    1.00000e-01    0.00000e+00
       15    0    0    1       5.00000e-02    1.50000e-01    0.00000e+00
       16    0    0    1       5.00000e-02    2.00000e-01    0.00000e+00
       17    0    0    1       5.00000e-02    2.50000e-01    0.00000e+00
       18    0    0    1       5.00000e-02    3.00000e-01    0.00000e+00
       19    0    0    1       5.00000e-02    3.50000e-01    0.00000e+00
       20    0    0    1       5.00000e-02    4.00000e-01    0.00000e+00
       21    0    0    1       5.00000e-02    4.50000e-01    0.00000e+00
       22    0    0    1       5.00000e-02    5.00000e-01    0.00000e+00
       23    0    0    1       1.00000e-01    0.00000e+00    0.00000e+00
       24    0    0    1       1.00000e-01    5.00000e-02    0.00000e+00
       25    0    0    1       1.00000e-01    1.00000e-01    0.00000e+00
       26    0    0    1       1.00000e-01    1.50000e-01    0.00000e+00
       27    0    0    1       1.00000e-01    2.00000e-01    0.00000e+00
       28    0    0    1       1.00000e-01    2.50000e-01    0.00000e+00
       29    0    0    1       1.00000e-01    3.00000e-01    0.00000e+00
       30    0    0    1       1.00000e-01    3.50000e-01    0.00000e+00
       31    0    0    1       1.00000e-01    4.00000e-01    0.00000e+00
       32    0    0    1       1.00000e-01    4.50000e-01    0.00000e+00
       33    0    0    1       1.00000e-01    5.00000e-01    0.00000e+00
       34    0    0    1       1.50000e-01    0.00000e+00    0.00000e+00
       35    0    0    1       1.50000e-01    5.00000e-02    0.00000e+00
       36    0    0    1       1.50000e-01    1.00000e-01    0.00000e+00
       37    0    0    1       1.50000e-01    1.50000e-01    0.00000e+00
       38    0    0    1       1.50000e-01    2.00000e-01    0.00000e+00
       39    0    0    1       1.50000e-01    2.50000e-01    0.00000e+00
       40    0    0    1       1.50000e-01    3.00000e-01    0.00000e+00
       41    0    0    1       1.50000e-01    3.50000e-01    0.00000e+00
       42    0    0    1       1.50000e-01    4.00000e-01    0.00000e+00
       43    0    0    1       1.50000e-01    4.50000e-01    0.00000e+00
       44    0    0    1       1.50000e-01    5.00000e-01    0.00000e+00
       45    0    0    1       2.00000e-01    0.00000e+00    0.00000e+00
       46    0    0    1       2.00000e-01    5.00000e-02    0.00000e+00
       47    0    0    1       2.00000e-01    1.00000e-01    0.00000e+00
       48    0    0    1       2.00000e-01    1.50000e-01    0.00000e+00
       49    0    0    1       2.00000e-01    2.00000e-01    0.00000e+00
       50    0    0    1       2.00000e-01    2.50000e-01    0.00000e+00
       51    0    0    1       2.00000e-01    3.00000e-01    0.00000e+00
       52    0    0    1       2.00000e-01    3.50000e-01    0.00000e+00
       53    0    0    1       2.00000e-01    4.00000e-01    0.00000e+00
       54    0    0    1       2.00000e-01    4.50000e-01    0.00000e+00
       55    0    0    1       2.00000e-01    5.00000e-01    0.00000e+00
       56    0    0    1       2.50000e-01    0.00000e+00    0.00000e+00
       57    0    0    1       2.50000e-01    5.00000e-02    0.00000e+00
       58    0    0    1       2.50000e-01    1.00000e-01    0.00000e+00
       59    0    0    1       2.50000e-01    1.50000e-01    0.00000e+00
       60    0    0    1       2.50000e-01    2.00000e-01    0.00000e+00
       61    0    0    1       2.50000e-01    2.50000e-01    0.00000e+00
       62    0    0    1       2.50000e-01    3.00000e-01    0.00000e+00
       63    0    0    1       2.50000e-01    3.50000e-01    0.00000e+00
       64    0    0    1       2.50000e-01    4.00000e-01    0.00000e+00
       65    0    0    1       2.50000e-01    4.50000e-01    0.00000e+00
       66    0    0    1       2.50000e-01    5.00000e-01    0.00000e+00
       67    0    0    1       3.00000e-01    0.00000e+00    0.00000e+00
       68    0    0    1       3.00000e-01    5.00000e-02    0.00000e+00
       69    0    0    1       3.00000e-01    1.00000e-01    0.00000e+00
       70    0    0    1       3.00000e-01    1.50000e-01    0.00000e+00
       71    0    0    1       3.00000e-01    2.00000e-01    0.00000e+00
       72    0    0    1       3.00000e-01    2.50000e-01    0.00000e+00
       73    0    0    1       3.00000e-01    3.00000e-01    0.00000e+00
       74    0    0    1       3.00000e-01    3.50000e-01    0.00000e+00
       75    0    0    1       3.00000e-01    4.00000e-01    0.00000e+00
       76    0    0    1       3.00000e-01    4.50000e-01    0.00000e+00
       77    0    0    1       3.00000e-01    5.00000e-01    0.00000e+00
       78    0    0    1       3.50000e-01    0.00000e+00    0.00000e+00
       79    0    0    1       3.50000e-01    5.00000e-02    0.00000e+00
       80    0    0    1       3.50000e-01    1.00000e-01    0.00000e+00
       81    0    0    1       3.50000e-01    1.50000e-01    0.00000e+00
       82    0    0    1       3.50000e-01    2.00000e-01    0.00000e+00
       83    0    0    1       3.50000e-01    2.50000e-01    0.00000e+00
       84    0    0    1       3.50000e-01    3.00000e-01    0.00000e+00
       85    0    0    1       3.50000e-01    3.50000e-01    0.00000e+00
       86    0    0    1       3.50000e-01    4.00000e-01    0.00000e+00
       87    0    0    1       3.50000e-01    4.50000e-01    0.00000e+00
       88    0    0    1       3.50000e-01    5.00000e-01    0.00000e+00
       89    0    0    1       4.00000e-01    0.00000e+00    0.00000e+00
       90    0    0    1       4.00000e-01    5.00000e-02    0.00000e+00
       91    0    0    1       4.00000e-01    1.00000e-01    0.00000e+00
       92    0    0    1       4.00000e-01    1.50000e-01    0.00000e+00
       93    0    0    1       4.00000e-01    2.00000e-01    0.00000e+00
       94    0    0    1       4.00000e-01    2.50000e-01    0.00000e+00
       95    0    0    1       4.00000e-01    3.00000e-01    0.00000e+00
       96    0    0    1       4.00000e-01    3.50000e-01    0.00000e+00
       97    0    0    1       4.00000e-01    4.00000e-01    0.00000e+00
       98    0    0    1       4.00000e-01    4.50000e-01    0.00000e+00
       99    0    0    1       4.00000e-01    5.00000e-01    0.00000e+00
      100    0    0    1       4.50000e-01    0.00000e+00    0.00000e+00
      101    0    0    1       4.50000e-01    5.00000e-02    0.00000e+00
      102    0    0    1       4.50000e-01    1.00000e-01    0.00000e+00
      103    0    0    1       4.50000e-01    1.50000e-01    0.00000e+00
      104    0    0    1       4.50000e-01    2.00000e-01    0.00000e+00
      105    0    0    1       4.50000e-01    2.50000e-01    0.00000e+00
      106    0    0    1       4.50000e-01    3.00000e-01    0.00000e+00
      107    0    0    1       4.50000e-01    3.50000e-01    0.00000e+00
      108    0    0    1       4.50000e-01    4.00000e-01    0.00000e+00
      109    0    0    1       4.50000e-01    4.50000e-01    0.00000e+00
      110    0    0    1       4.50000e-01    5.00000e-01    0.00000e+00
      111    0    0    1       5.00000e-01    0.00000e+00    0.00000e+00
      112    0    0    1       5.00000e-01    5.00000e-02    0.00000e+00
      113    0    0    1       5.00000e-01    1.00000e-01    0.00000e+00
      114    0    0    1       5.00000e-01    1.50000e-01    0.00000e+00
      115    0    0    1       5.00000e-01    2.00000e-01    0.00000e+00
      116    0    0    1       5.00000e-01    2.50000e-01    0.00000e+00
      117    0    0    1       5.00000e-01    3.00000e-01    0.00000e+00
      118    0    0    1       5.00000e-01    3.50000e-01    0.00000e+00
      119    0    0    1       5.00000e-01    4.00000e-01    0.00000e+00
      120    0    0    1       5.00000e-01    4.50000e-01    0.00000e+00
      121    0    0    1       5.00000e-01    5.00000e-01    0.00000e+00
      122    0    0    1       5.50000e-01    0.00000e+00    0.00000e+00
      123    0    0    1       5.50000e-01    5.00000e-02    0.00000e+00
      124    0    0    1       5.50000e-01    1.00000e-01    0.00000e+00
      125    0    0    1       5.50000e-01    1.50000e-01    0.00000e+00
      126    0    0    1       5.50000e-01    2.00000e-01    0.00000e+00
      127    0    0    1       5.50000e-01    2.50000e-01    0.00000e+00
      128    0    0    1       5.50000e-01    3.00000e-01    0.00000e+00
      129    0    0    1       5.50000e-01    3.50000e-01    0.00000e+00
      130    0    0    1       5.50000e-01    4.00000e-01    0.00000e+00
      131    0    0    1       5.50000e-01    4.50000e-01    0.00000e+00
      132    0    0    1       5.50000e-01    5.00000e-01    0.00000e+00
      133    0    0    1       6.00000e-01    0.00000e+00    0.00000e+00
      134    0    0    1       6.00000e-01    5.00000e-02    0.00000e+00
      135    0    0    1       6.00000e-01    1.00000e-01    0.00000e+00
      136    0    0    1       6.00000e-01    1.50000e-01    0.00000e+00
      137    0    0    1       6.00000e-01    2.00000e-01    0.00000e+00
      138    0    0    1       6.00000e-01    2.50000e-01    0.00000e+00
      139    0    0    1       6.00000e-01    3.00000e-01    0.00000e+00
      140    0    0    1       6.00000e-01    3.50000e-01    0.00000e+00
      141    0    0    1       6.00000e-01    4.00000e-01    0.00000e+00
      142    0    0    1       6.00000e-01    4.50000e-01    0.00000e+00
      143    0    0    1       6.00000e-01    5.00000e-01    0.00000e+00
      144    0    0    1       6.50000e-01    0.00000e+00    0.00000e+00
      145    0    0    1       6.50000e-01    5.00000e-02    0.00000e+00
      146    0    0    1       6.50000e-01    1.00000e-01    0.00000e+00
      147    0    0    1       6.50000e-01    1.50000e-01    0.00000e+00
      148    0    0    1       6.50000e-01    2.00000e-01    0.00000e+00
      149    0    0    1       6.50000e-01    2.50000e-01    0.00000e+00
      150    0    0    1       6.50000e-01    3.00000e-01    0.00000e+00
      151    0    0    1       6.50000e-01    3.50000e-01    0.00000e+00
      152    0    0    1       6.50000e-01    4.00000e-01    0.00000e+00
      153    0    0    1       6.50000e-01    4.50000e-01    0.00000e+00
      154    0    0    1       6.50000e-01    5.00000e-01    0.00000e+00
      155    0    0    1       7.00000e-01    0.00000e+00    0.00000e+00
      156    0    0    1       7.00000e-01    5.00000e-02    0.00000e+00
      157    0    0    1       7.00000e-01    1.00000e-01    0.00000e+00
      158    0    0    1       7.00000e-01    1.50000e-01    0.00000e+00
      159    0    0    1       7.00000e-01    2.00000e-01    0.00000e+00
      160    0    0    1       7.00000e-01    2.50000e-01    0.00000e+00
      161    0    0    1       7.00000e-01    3.00000e-01    0.00000e+00
      162    0    0    1       7.00000e-01    3.50000e-01    0.00000e+00
      163    0    0    1       7.00000e-01    4.00000e-01    0.00000e+00
      164    0    0    1       7.00000e-01    4.50000e-01    0.00000e+00
      165    0    0    1       7.00000e-01    5.00000e-01    0.00000e+00
      166    0    0    1       7.50000e-01    0.00000e+00    0.00000e+00
      167    0    0    1       7.50000e-01    5.00000e-02    0.00000e+00
      168    0    0    1       7.50000e-01    1.00000e-01    0.00000e+00
      169    0    0    1       7.50000e-01    1.50000e-01    0.00000e+00
      170    0    0    1       7.50000e-01    2.00000e-01    0.00000e+00
      171    0    0    1       7.50000e-01    2.50000e-01    0.00000e+00
      172    0    0    1       7.50000e-01    3.00000e-01    0.00000e+00
      173    0    0    1       7.50000e-01    3.50000e-01    0.00000e+00
      174    0    0    1       7.50000e-01    4.00000e-01    0.00000e+00
      175    0    0    1       7.50000e-01    4.50000e-01    0.00000e+00
      176    0    0    1       7.50000e-01    5.00000e-01    0.00000e+00
      177    0    0    1       8.00000e-01    0.00000e+00    0.00000e+00
      178    0    0    1       8.00000e-01    5.00000e-02    0.00000e+00
      179    0    0    1       8.00000e-01    1.00000e-01    0.00000e+00
      180    0    0    1       8.00000e-01    1.50000e-01    0.00000e+00
      181    0    0    1       8.00000e-01    2.00000e-01    0.00000e+00
      182    0    0    1       8.00000e-01    2.50000e-01    0.00000e+00
      183    0    0    1       8.00000e-01    3.00000e-01    0.00000e+00
      184    0    0    1       8.00000e-01    3.50000e-01    0.00000e+00
      185    0    0    1       8.00000e-01    4.00000e-01    0.00000e+00
      186    0    0    1       8.00000e-01    4.50000e-01    0.00000e+00
      187    0    0    1       8.00000e-01    5.00000e-01    0.00000e+00
      188    0    0    1       8.50000e-01    0.00000e+00    0.00000e+00
      189    0    0    1       8.50000e-01    5.00000e-02    0.00000e+00
      190    0    0    1       8.50000e-01    1.00000e-01    0.00000e+00
      191    0    0    1       8.50000e-01    1.50000e-01    0.00000e+00
      192    0    0    1       8.50000e-01    2.00000e-01    0.00000e+00
      193    0    0    1       8.50000e-01    2.50000e-01    0.00000e+00
      194    0    0    1       8.50000e-01    3.00000e-01    0.00000e+00
      195    0    0    1       8.50000e-01    3.50000e-01    0.00000e+00
      196    0    0    1       8.50000e-01    4.00000e-01    0.00000e+00
      197    0    0    1       8.50000e-01    4.50000e-01    0.00000e+00
      198    0    0    1       8.50000e-01    5.00000e-01    0.00000e+00
      199    0    0    1       9.00000e-01    0.00000e+00    0.00000e+00
      200    0    0    1       9.00000e-01    5.00000e-02    0.00000e+00
      201    0    0    1       9.00000e-01    1.00000e-01    0.00000e+00
      202    0    0    1       9.00000e-01    1.50000e-01    0.00000e+00
      203    0    0    1       9.00000e-01    2.00000e-01    0.00000e+00
      204    0    0    1       9.00000e-01    2.50000e-01    0.00000e+00
      205    0    0    1       9.00000e-01    3.00000e-01    0.00000e+00
      206    0    0    1       9.00000e-01    3.50000e-01    0.00000e+00
      207    0    0    1       9.00000e-01    4.00000e-01    0.00000e+00
      208    0    0    1       9.00000e-01    4.50000e-01    0.00000e+00
      209    0    0    1       9.00000e-01    5.00000e-01    0.00000e+00
      210    0    0    1       9.50000e-01    0.00000e+00    0.00000e+00
      211    0    0    1       9.50000e-01    5.00000e-02    0.00000e+00
      212    0    0    1       9.50000e-01    1.00000e-01    0.00000e+00
      213    0    0    1       9.50000e-01    1.50000e-01    0.00000e+00
      214    0    0    1       9.50000e-01    2.00000e-01    0.00000e+00
      215    0    0    1       9.50000e-01    2.50000e-01    0.00000e+00
      216    0    0    1       9.50000e-01    3.00000e-01    0.00000e+00
      217    0    0    1       9.50000e-01    3.50000e-01    0.00000e+00
      218    0    0    1       9.50000e-01    4.00000e-01    0.00000e+00
      219    0    0    1       9.50000e-01    4.50000e-01    0.00000e+00
      220    0    0    1       9.50000e-01    5.00000e-01    0.00000e+00
      221    0    0    1       1.00000e+00    0.00000e+00    0.00000e+00
      222    0    0    1       1.00000e+00    5.00000e-02    0.00000e+00
      223    0    0    1       1.00000e+00    1.00000e-01    0.00000e+00
      224    0    0    1       1.00000e+00    1.50000e-01    0.00000e+00
      225    0    0    1       1.00000e+00    2.00000e-01    0.00000e+00
      226    0    0    1       1.00000e+00    2.50000e-01    0.00000e+00
      227    0    0    1       1.00000e+00    3.00000e-01    0.00000e+00
      228    0    0    1       1.00000e+00    3.50000e-01    0.00000e+00
      229    0    0    1       1.00000e+00    4.00000e-01    0.00000e+00
      230    0    0    1       1.00000e+00    4.50000e-01    0.00000e+00
      231    0    0    1       1.00000e+00    5.00000e-01    0.00000e+00
      232    0    0    1       1.05000e+00    0.00000e+00    0.00000e+00
      233    0    0    1       1.05000e+00    5.00000e-02    0.00000e+00
      234    0    0    1       1.05000e+00    1.00000e-01    0.00000e+00
      235    0    0    1       1.05000e+00    1.50000e-01    0.00000e+00
      236    0    0    1       1.05000e+00    2.00000e-01    0.00000e+00
      237    0    0    1       1.05000e+00    2.50000e-01    0.00000e+00
      238    0    0    1       1.05000e+00    3.00000e-01    0.00000e+00
      239    0    0    1       1.05000e+00    3.50000e-01    0.00000e+00
      240    0    0    1       1.05000e+00    4.00000e-01    0.00000e+00
      241    0    0    1       1.05000e+00    4.50000e-01    0.00000e+00
      242    0    0    1       1.05000e+00    5.00000e-01    0.00000e+00
      243    0    0    1       1.10000e+00    0.00000e+00    0.00000e+00
      244    0    0    1       1.10000e+00    5.00000e-02    0.00000e+00
      245    0    0    1       1.10000e+00    1.00000e-01    0.00000e+00
      246    0    0    1       1.10000e+00    1.50000e-01    0.00000e+00
      247    0    0    1       1.10000e+00    2.00000e-01    0.00000e+00
      248    0    0    1       1.10000e+00    2.50000e-01    0.00000e+00
      249    0    0    1       1.10000e+00    3.00000e-01    0.00000e+00
      250    0    0    1       1.10000e+00    3.50000e-01    0.00000e+00
      251    0    0    1       1.10000e+00    4.00000e-01    0.00000e+00
      252    0    0    1       1.10000e+00    4.50000e-01    0.00000e+00
      253    0    0    1       1.10000e+00    5.00000e-01    0.00000e+00
      254    0    0    1       1.15000e+00    0.00000e+00    0.00000e+00
      255    0    0    1       1.15000e+00    5.00000e-02    0.00000e+00
      256    0    0    1       1.15000e+00    1.00000e-01    0.00000e+00
      257    0    0    1       1.15000e+00    1.50000e-01    0.00000e+00
      258    0    0    1       1.15000e+00    2.00000e-01    0.00000e+00
      259    0    0    1       1.15000e+00    2.50000e-01    0.00000e+00
      260    0    0    1       1.15000e+00    3.00000e-01    0.00000e+00
      261    0    0    1       1.15000e+00    3.50000e-01    0.00000e+00
      262    0    0    1       1.15000e+00    4.00000e-01    0.00000e+00
      263    0    0    1       1.15000e+00    4.50000e-01    0.00000e+00
      264    0    0    1       1.15000e+00    5.00000e-01    0.00000e+00
      265    0    0    1       1.20000e+00    0.00000e+00    0.00000e+00
      266    0    0    1       1.20000e+00    5.00000e-02    0.00000e+00
      267    0    0    1       1.20000e+00    1.00000e-01    0.00000e+00
      268    0    0    1       1.20000e+00    1.50000e-01    0.00000e+00
      269    0    0    1       1.20000e+00    2.00000e-01    0.00000e+00
      270    0    0    1       1.20000e+00    2.50000e-01    0.00000e+00
      271    0    0    1       1.20000e+00    3.00000e-01    0.00000e+00
      272    0    0    1       1.20000e+00    3.50000e-01    0.00000e+00
      273    0    0    1       1.20000e+00    4.00000e-01    0.00000e+00
      274    0    0    1       1.20000e+00    4.50000e-01    0.00000e+00
      275    0    0    1       1.20000e+00    5.00000e-01    0.00000e+00
      276    0    0    1       1.25000e+00    0.00000e+00    0.00000e+00
      277    0    0    1       1.25000e+00    5.00000e-02    0.00000e+00
      278    0    0    1       1.25000e+00    1.00000e-01    0.00000e+00
      279    0    0    1       1.25000e+00    1.50000e-01    0.00000e+00
      280    0    0    1       1.25000e+00    2.00000e-01    0.00000e+00
      281    0    0    1       1.25000e+00    2.50000e-01    0.00000e+00
      282    0    0    1       1.25000e+00    3.00000e-01    0.00000e+00
      283    0    0    1       1.25000e+00    3.50000e-01    0.00000e+00
      284    0    0    1       1.25000e+00    4.00000e-01    0.00000e+00
      285    0    0    1       1.25000e+00    4.50000e-01    0.00000e+00
      286    0    0    1       1.25000e+00    5.00000e-01    0.00000e+00
      287    0    0    1       1.30000e+00    0.00000e+00    0.00000e+00
      288    0    0    1       1.30000e+00    5.00000e-02    0.00000e+00
      289    0    0    1       1.30000e+00    1.00000e-01    0.00000e+00
      290    0    0    1       1.30000e+00    1.50000e-01    0.00000e+00
      291    0    0    1       1.30000e+00    2.00000e-01    0.00000e+00
      292    0    0    1       1.30000e+00    2.50000e-01    0.00000e+00
      293    0    0    1       1.30000e+00    3.00000e-01    0.00000e+00
      294    0    0    1       1.30000e+00    3.50000e-01    0.00000e+00
      295    0    0    1       1.30000e+00    4.00000e-01    0.00000e+00
      296    0    0    1       1.30000e+00    4.50000e-01    0.00000e+00
      297    0    0    1       1.30000e+00    5.00000e-01    0.00000e+00
      298    0    0    1       1.35000e+00    0.00000e+00    0.00000e+00
      299    0    0    1       1.35000e+00    5.00000e-02    0.00000e+00
      300    0    0    1       1.35000e+00    1.00000e-01    0.00000e+00
      301    0    0    1       1.35000e+00    1.50000e-01    0.00000e+00
      302    0    0    1       1.35000e+00    2.00000e-01    0.00000e+00
      303    0    0    1       1.35000e+00    2.50000e-01    0.00000e+00
      304    0    0    1       1.35000e+00    3.00000e-01    0.00000e+00
      305    0    0    1       1.35000e+00    3.50000e-01    0.00000e+00
      306    0    0    1       1.35000e+00    4.00000e-01    0.00000e+00
      307    0    0    1       1.35000e+00    4.50000e-01    0.00000e+00
      308    0    0    1       1.35000e+00    5.00000e-01    0.00000e+00
      309    0    0    1       1.40000e+00    0.00000e+00    0.00000e+00
      310    0    0    1       1.40000e+00    5.00000e-02    0.00000e+00
      311    0    0    1       1.40000e+00    1.00000e-01    0.00000e+00
      312    0    0    1       1.40000e+00    1.50000e-01    0.00000e+00
      313    0    0    1       1.40000e+00    2.00000e-01    0.00000e+00
      314    0    0    1       1.40000e+00    2.50000e-01    0.00000e+00
      315    0    0    1       1.40000e+00    3.00000e-01    0.00000e+00
      316    0    0    1       1.40000e+00    3.50000e-01    0.00000e+00
      317    0    0    1       1.40000e+00    4.00000e-01    0.00000e+00
      318    0    0    1       1.40000e+00    4.50000e-01    0.00000e+00
      319    0    0    1       1.40000e+00    5.00000e-01    0.00000e+00
      320    0    0    1       1.45000e+00    0.00000e+00    0.00000e+00
      321    0    0    1       1.45000e+00    5.00000e-02    0.00000e+00
      322    0    0    1       1.45000e+00    1.00000e-01    0.00000e+00
      323    0    0    1       1.45000e+00    1.50000e-01    0.00000e+00
      324    0    0    1       1.45000e+00    2.00000e-01    0.00000e+00
      325    0    0    1       1.45000e+00    2.50000e-01    0.00000e+00
      326    0    0    1       1.45000e+00    3.00000e-01    0.00000e+00
      327    0    0    1       1.45000e+00    3.50000e-01    0.00000e+00
      328    0    0    1       1.45000e+00    4.00000e-01    0.00000e+00
      329    0    0    1       1.45000e+00    4.50000e-01    0.00000e+00
      330    0    0    1       1.45000e+00    5.00000e-01    0.00000e+00
      331    0    0    1       1.50000e+00    0.00000e+00    0.00000e+00
      332    0    0    1       1.50000e+00    5.00000e-02    0.00000e+00
      333    0    0    1       1.50000e+00    1.00000e-01    0.00000e+00
      334    0    0    1       1.50000e+00    1.50000e-01    0.00000e+00
      335    0    0    1       1.50000e+00    2.00000e-01    0.00000e+00
      336    0    0    1       1.50000e+00    2.50000e-01    0.00000e+00
      337    0    0    1       1.50000e+00    3.00000e-01    0.00000e+00
      338    0    0    1       1.50000e+00    3.50000e-01    0.00000e+00
      339    0    0    1       1.50000e+00    4.00000e-01    0.00000e+00
      340    0    0    1       1.50000e+00    4.50000e-01    0.00000e+00
      341    0    0    1       1.50000e+00    5.00000e-01    0.00000e+00
      342    0    0    1       1.55000e+00    0.00000e+00    0.00000e+00
      343    0    0    1       1.55000e+00    5.00000e-02    0.00000e+00
      344    0    0    1       1.55000e+00    1.00000e-01    0.00000e+00
      345    0    0    1       1.55000e+00    1.50000e-01    0.00000e+00
      346    0    0    1       1.55000e+00    2.00000e-01    0.00000e+00
      347    0    0    1       1.55000e+00    2.50000e-01    0.00000e+00
      348    0    0    1       1.55000e+00    3.00000e-01    0.00000e+00
      349    0    0    1       1.55000e+00    3.50000e-01    0.00000e+00
      350    0    0    1       1.55000e+00    4.00000e-01    0.00000e+00
      351    0    0    1       1.55000e+00    4.50000e-01    0.00000e+00
      352    0    0    1       1.55000e+00    5.00000e-01    0.00000e+00
      353    0    0    1       1.60000e+00    0.00000e+00    0.00000e+00
      354    0    0    1       1.60000e+00    5.00000e-02    0.00000e+00
      355    0    0    1       1.60000e+00    1.00000e-01    0.00000e+00
      356    0    0    1       1.60000e+00    1.50000e-01    0.00000e+00
      357    0    0    1       1.60000e+00    2.00000e-01    0.00000e+00
      358    0    0    1       1.60000e+00    2.50000e-01    0.00000e+00
      359    0    0    1       1.60000e+00    3.00000e-01    0.00000e+00
      360    0    0    1       1.60000e+00    3.50000e-01    0.00000e+00
      361    0    0    1       1.60000e+00    4.00000e-01    0.00000e+00
      362    0    0    1       1.60000e+00    4.50000e-01    0.00000e+00
      363    0    0    1       1.60000e+00    5.00000e-01    0.00000e+00
      364    0    0    1       1.65000e+00    0.00000e+00    0.00000e+00
      365    0    0    1       1.65000e+00    5.00000e-02    0.00000e+00
      366    0    0    1       1.65000e+00    1.00000e-01    0.00000e+00
      367    0    0    1       1.65000e+00    1.50000e-01    0.00000e+00
      368    0    0    1       1.65000e+00    2.00000e-01    0.00000e+00
      369    0    0    1       1.65000e+00    2.50000e-01    0.00000e+00
      370    0    0    1       1.65000e+00    3.00000e-01    0.00000e+00
      371    0    0    1       1.65000e+00    3.50000e-01    0.00000e+00
      372    0    0    1       1.65000e+00    4.00000e-01    0.00000e+00
      373    0    0    1       1.65000e+00    4.50000e-01    0.00000e+00
      374    0    0    1       1.65000e+00    5.00000e-01    0.00000e+00
      375    0    0    1       1.70000e+00    0.00000e+00    0.00000e+00
      376    0    0    1       1.70000e+00    5.00000e-02    0.00000e+00
      377    0    0    1       1.70000e+00    1.00000e-01    0.00000e+00
      378    0    0    1       1.70000e+00    1.50000e-01    0.00000e+00
      379    0    0    1       1.70000e+00    2.00000e-01    0.00000e+00
      380    0    0    1       1.70000e+00    2.50000e-01    0.00000e+00
      381    0    0    1       1.70000e+00    3.00000e-01    0.00000e+00
      382    0    0    1       1.70000e+00    3.50000e-01    0.00000e+00
      383    0    0    1       1.70000e+00    4.00000e-01    0.00000e+00
      384    0    0    1       1.70000e+00    4.50000e-01    0.00000e+00
      385    0    0    1       1.70000e+00    5.00000e-01    0.00000e+00
      386    0    0    1       1.75000e+00    0.00000e+00    0.00000e+00
      387    0    0    1       1.75000e+00    5.00000e-02    0.00000e+00
      388    0    0    1       1.75000e+00    1.00000e-01    0.00000e+00
      389    0    0    1       1.75000e+00    1.50000e-01    0.00000e+00
      390    0    0    1       1.75000e+00    2.00000e-01    0.00000e+00
      391    0    0    1       1.75000e+00    2.50000e-01    0.00000e+00
      392    0    0    1       1.75000e+00    3.00000e-01    0.00000e+00
      393    0    0    1       1.75000e+00    3.50000e-01    0.00000e+00
      394    0    0    1       1.75000e+00    4.00000e-01    0.00000e+00
      395    0    0    1       1.75000e+00    4.50000e-01    0.00000e+00
      396    0    0    1       1.75000e+00    5.00000e-01    0.00000e+00
      397    0    0    1       1.80000e+00    0.00000e+00    0.00000e+00
      398    0    0    1       1.80000e+00    5.00000e-02    0.00000e+00
      399    0    0    1       1.80000e+00    1.00000e-01    0.00000e+00
      400    0    0    1       1.80000e+00    1.50000e-01    0.00000e+00
      401    0    0    1       1.80000e+00    2.00000e-01    0.00000e+00
      402    0    0    1       1.80000e+00    2.50000e-01    0.00000e+00
      403    0    0    1       1.80000e+00    3.00000e-01    0.00000e+00
      404    0    0    1       1.80000e+00    3.50000e-01    0.00000e+00
      405    0    0    1       1.80000e+00    4.00000e-01    0.00000e+00
      406    0    0    1       1.80000e+00    4.50000e-01    0.00000e+00
      407    0    0    1       1.80000e+00    5.00000e-01    0.00000e+00
      408    0    0    1       1.85000e+00    0.00000e+00    0.00000e+00
      409    0    0    1       1.85000e+00    5.00000e-02    0.00000e+00
      410    0    0    1       1.85000e+00    1.00000e-01    0.00000e+00
      411    0    0    1       1.85000e+00    1.50000e-01    0.00000e+00
      412    0    0    1       1.85000e+00    2.00000e-01    0.00000e+00
      413    0    0    1       1.85000e+00    2.50000e-01    0.00000e+00
      414    0    0    1       1.85000e+00    3.00000e-01    0.00000e+00
      415    0    0    1       1.85000e+00    3.50000e-01    0.00000e+00
      416    0    0    1       1.85000e+00    4.00000e-01    0.00000e+00
      417    0    0    1       1.85000e+00    4.50000e-01    0.00000e+00
      418    0    0    1       1.85000e+00    5.00000e-01    0.00000e+00
      419    0    0    1       1.90000e+00    0.00000e+00    0.00000e+00
      420    0    0    1       1.90000e+00    5.00000e-02    0.00000e+00
      421    0    0    1       1.90000e+00    1.00000e-01    0.00000e+00
      422    0    0    1       1.90000e+00    1.50000e-01    0.00000e+00
      423    0    0    1       1.90000e+00    2.00000e-01    0.00000e+00
      424    0    0    1       1.90000e+00    2.50000e-01    0.00000e+00
      425    0    0    1       1.90000e+00    3.00000e-01    0.00000e+00
      426    0    0    1       1.90000e+00    3.50000e-01    0.00000e+00
      427    0    0    1       1.90000e+00    4.00000e-01    0.00000e+00
      428    0    0    1       1.90000e+00    4.50000e-01    0.00000e+00
      429    0    0    1       1.90000e+00    5.00000e-01    0.00000e+00
      430    0    0    1       1.95000e+00    0.00000e+00    0.00000e+00
      431    0    0    1       1.95000e+00    5.00000e-02    0.00000e+00
      432    0    0    1       1.95000e+00    1.00000e-01    0.00000e+00
      433    0    0    1       1.95000e+00    1.50000e-01    0.00000e+00
      434    0    0    1       1.95000e+00    2.00000e-01    0.00000e+00
      435    0    0    1       1.95000e+00    2.50000e-01    0.00000e+00
      436    0    0    1       1.95000e+00    3.00000e-01    0.00000e+00
      437    0    0    1       1.95000e+00    3.50000e-01    0.00000e+00
      438    0    0    1       1.95000e+00    4.00000e-01    0.00000e+00
      439    0    0    1       1.95000e+00    4.50000e-01    0.00000e+00
      440    0    0    1       1.95000e+00    5.00000e-01    0.00000e+00
      441    0    0    1       2.00000e+00    0.00000e+00    0.00000e+00
      442    0    0    1       2.00000e+00    5.00000e-02    0.00000e+00
      443    0    0    1       2.00000e+00    1.00000e-01    0.00000e+00
      444    0    0    1       2.00000e+00    1.50000e-01    0.00000e+00
      445    0    0    1       2.00000e+00    2.00000e-01    0.00000e+00
      446    0    0    1       2.00000e+00    2.50000e-01    0.00000e+00
      447    0    0    1       2.00000e+00    3.00000e-01    0.00000e+00
      448    0    0    1       2.00000e+00    3.50000e-01    0.00000e+00
      449    0    0    1       2.00000e+00    4.00000e-01    0.00000e+00
      450    0    0    1       2.00000e+00    4.50000e-01    0.00000e+00
      451    0    0    1       2.00000e+00    5.00000e-01    0.00000e+00

 EQUATION NUMBERS

   NODE NUMBER   DEGREES OF FREEDOM
        N           X    Y    Z
        1           0    0    0
        2           0    0    0
        3           0    0    0
        4           0    0    0
        5           0    0    0
        6           0    0    0
        7           0    0    0
        8           0    0    0
        9           0    0    0
       10           0    0    0
       11           0    0    0
       12           1    2    0
       13           3    4    0
       14           5    6    0
       15           7    8    0
       16           9   10    0
       17          11   12    0
       18          13   14    0
       19          15   16    0
       20          17   18    0
       21          19   20    0
       22          21   22    0
       23          23   24    0
       24          25   26    0
       25          27   28    0
       26          29   30    0
       27          31   32    0
       28          33   34    0
       29          35   36    0
       30          37   38    0
       31          39   40    0
       32          41   42    0
       33          43   44    0
       34          45   46    0
       35          47   48    0
       36          49   50    0
       37          51   52    0
       38          53   54    0
       39          55   56    0
       40          57   58    0
       41          59   60    0
       42          61   62    0
       43          63   64    0
       44          65   66    0
       45          67   68    0
       46          69   70    0
       47          71   72    0
       48          73   74    0
       49          75   76    0
       50          77   78    0
       51          79   80    0
       52          81   82    0
       53          83   84    0
       54          85   86    0
       55          87   88    0
       56          89   90    0
       57          91   92    0
       58          93   94    0
       59          95   96    0
       60          97   98    0
       61          99  100    0
       62         101  102    0
       63         103  104    0
       64         105  106    0
       65         107  108    0
       66         109  110    0
       67         111  112    0
       68         113  114    0
       69         115  116    0
       70         117  118    0
       71         119  120    0
       72         121  122    0
       73         123  124    0
       74         125  126    0
       75         127  128    0
       76         129  130    0
       77         131  132    0
       78         133  134    0
       79         135  136    0
       80         137  138    0
       81         139  140    0
       82         141  142    0
       83         143  144    0
       84         145  146    0
       85         147  148    0
       86         149  150    0
       87         151  152    0
       88         153  154    0
       89         155  156    0
       90         157  158    0
       91         159  160    0
       92         161  162    0
       93         163  164    0
       94         165  166    0
       95         167  168    0
       96         169  170    0
       97         171  172    0
       98         173  174    0
       99         175  176    0
      100         177  178    0
      101         179  180    0
      102         181  182    0
      103         183  184    0
      104         185  186    0
      105         187  188    0
      106         189  190    0
      107         191  192    0
      108         193  194    0
      109         195  196    0
      110         197  198    0
      111         199  200    0
      112         201  202    0
      113         203  204    0
      114         205  206    0
      115         207  208    0
      116         209  210    0
      117         211  212    0
      118         213  214    0
      119         215  216    0
      120         217  218    0
      121         219  220    0
      122         221  222    0
      123         223  224    0
      124         225  226    0
      125         227  228    0
      126         229  230    0
      127         231  232    0
      128         233  234    0
      129         235  236    0
      130         237  238    0
      131         239  240    0
      132         241  242    0
      133         243  244    0
      134         245  246    0
      135         247  248    0
      136         249  250    0
      137         251  252    0
      138         253  254    0
      139         255  256    0
      140         257  258    0
      141         259  260    0
      142         261  262    0
      143         263  264    0
      144         265  266    0
      145         267  268    0
      146         269  270    0
      147         271  272    0
      148         273  274    0
      149         275  276    0
      150         277  278    0
      151         279  280    0
      152         281  282    0
      153         283  284    0
      154         285  286    0
      155         287  288    0
      156         289  290    0
      157         291  292    0
      158         293  294    0
      159         295  296    0
      160         297  298    0
      161         299  300    0
      162         301  302    0
      163         303  304    0
      164         305  306    0
      165         307  308    0
      166         309  310    0
      167         311  312    0
      168         313  314    0
      169         315  316    0
      170         317  318    0
      171         319  320    0
      172         321  322    0
      173         323  324    0
      174         325  326    0
      175         327  328    0
      176         329  330    0
      177         331  332    0
      178         333  334    0
      179         335  336    0
      180         337  338    0
      181         339  340    0
      182         341  342    0
      183         343  344    0
      184         345  346    0
      185         347  348    0
      186         349  350    0
      187         351  352    0
      188         353  354    0
      189         355  356    0
      190         357  358    0
      191         359  360    0
      192         361  362    0
      193         363  364    0
      194         365  366    0
      195         367  368    0
      196         369  370    0
      197         371  372    0
      198         373  374    0
      199         375  376    0
      200         377  378    0
      201         379  380    0
      202         381  382    0
      203         383  384    0
      204         385  386    0
      205         387  388    0
      206         389  390    0
      207         391  392    0
      208         393  394    0
      209         395  396    0
      210         397  398    0
      211         399  400    0
      212         401  402    0
      213         403  404    0
      214         405  406    0
      215         407  408    0
      216         409  410    0
      217         411  412    0
      218         413  414    0
      219         415  416    0
      220         417  418    0
      221         419  420    0
      222         421  422    0
      223         423  424    0
      224         425  426    0
      225         427  428    0
      226         429  430    0
      227         431  432    0
      228         433  434    0
      229         435  436    0
      230         437  438    0
      231         439  440    0
      232         441  442    0
      233         443  444    0
      234         445  446    0
      235         447  448    0
      236         449  450    0
      237         451  452    0
      238         453  454    0
      239         455  456    0
      240         457  458    0
      241         459  460    0
      242         461  462    0
      243         463  464    0
      244         465  466    0
      245         467  468    0
      246         469  470    0
      247         471  472    0
      248         473  474    0
      249         475  476    0
      250         477  478    0
      251         479  480    0
      252         481  482    0
      253         483  484    0
      254         485  486    0
      255         487  488    0
      256         489  490    0
      257         491  492    0
      258         493  494    0
      259         495  496    0
      260         497  498    0
      261         499  500    0
      262         501  502    0
      263         503  504    0
      264         505  506    0
      265         507  508    0
      266         509  510    0
      267         511  512    0
      268         513  514    0
      269         515  516    0
      270         517  518    0
      271         519  520    0
      272         521  522    0
      273         523  524    0
      274         525  526    0
      275         527  528    0
      276         529  530    0
      277         531  532    0
      278         533  534    0
      279         535  536    0
      280         537  538    0
      281         539  540    0
      282         541  542    0
      283         543  544    0
      284         545  546    0
      285         547  548    0
      286         549  550    0
      287         551  552    0
      288         553  554    0
      289         555  556    0
      290         557  558    0
      291         559  560    0
      292         561  562    0
      293         563  564    0
      294         565  566    0
      295         567  568    0
      296         569  570    0
      297         571  572    0
      298         573  574    0
      299         575  576    0
      300         577  578    0
      301         579  580    0
      302         581  582    0
      303         583  584    0
      304         585  586    0
      305         587  588    0
      306         589  590    0
      307         591  592    0
      308         593  594    0
      309         595  596    0
      310         597  598    0
      311         599  600    0
      312         601  602    0
      313         603  604    0
      314         605  606    0
      315         607  608    0
      316         609  610    0
      317         611  612    0
      318         613  614    0
      319         615  616    0
      320         617  618    0
      321         619  620    0
      322         621  622    0
      323         623  624    0
      324         625  626    0
      325         627  628    0
      326         629  630    0
      327         631  632    0
      328         633  634    0
      329         635  636    0
      330         637  638    0
      331         639  640    0
      332         641  642    0
      333         643  644    0
      334         645  646    0
      335         647  648    0
      336         649  650    0
      337         651  652    0
      338         653  654    0
      339         655  656    0
      340         657  658    0
      341         659  660    0
      342         661  662    0
      343         663  664    0
      344         665  666    0
      345         667  668    0
      346         669  670    0
      347         671  672    0
      348         673  674    0
      349         675  676    0
      350         677  678    0
      351         679  680    0
      352         681  682    0
      353         683  684    0
      354         685  686    0
      355         687  688    0
      356         689  690    0
      357         691  692    0
      358         693  694    0
      359         695  696    0
      360         697  698    0
      361         699  700    0
      362         701  702    0
      363         703  704    0
      364         705  706    0
      365         707  708    0
      366         709  710    0
      367         711  712    0
      368         713  714    0
      369         715  716    0
      370         717  718    0
      371         719  720    0
      372         721  722    0
      373         723  724    0
      374         725  726    0
      375         727  728    0
      376         729  730    0
      377         731  732    0
      378         733  734    0
      379         735  736    0
      380         737  738    0
      381         739  740    0
      382         741  742    0
      383         743  744    0
      384         745  746    0
      385         747  748    0
      386         749  750    0
      387         751  752    0
      388         753  754    0
      389         755  756    0
      390         757  758    0
      391         759  760    0
      392         761  762    0
      393         763  764    0
      394         765  766    0
      395         767  768    0
      396         769  770    0
      397         771  772    0
      398         773  774    0
      399         775  776    0
      400         777  778    0
      401         779  780    0
      402         781  782    0
      403         783  784    0
      404         785  786    0
      405         787  788    0
      406         789  790    0
      407         791  792    0
      408         793  794    0
      409         795  796    0
      410         797  798    0
      411         799  800    0
      412         801  802    0
      413         803  804    0
      414         805  806    0
      415         807  808    0
      416         809  810    0
      417         811  812    0
      418         813  814    0
      419         815  816    0
      420         817  818    0
      421         819  820    0
      422         821  822    0
      423         823  824    0
      424         825  826    0
      425         827  828    0
      426         829  830    0
      427         831  832    0
      428         833  834    0
      429         835  836    0
      430         837  838    0
      431         839  840    0
      432         841  842    0
      433         843  844    0
      434         845  846    0
      435         847  848    0
      436         849  850    0
      437         851  852    0
      438         853  854    0
      439         855  856    0
      440         857  858    0
      441         859  860    0
      442         861  862    0
      443         863  864    0
      444         865  866    0
      445         867  868    0
      446         869  870    0
      447         871  872    0
      448         873  874    0
      449         875  876    0
      450         877  878    0
      451         879  880    0

 L O A D   C A S E   D A T A

     LOAD CASE NUMBER . . . . . . . =     1
     NUMBER OF CONCENTRATED LOADS . =    11

    NODE       DIRECTION      LOAD
   NUMBER                   MAGNITUDE
    441            2       -6.27744e+66
    442            2       -6.27744e+66
    443            2       -6.27744e+66
    444            2       -6.27744e+66
    445            2       -6.27744e+66
    446            2       -6.27744e+66
    447            2       -6.27744e+66
    448            2       -6.27744e+66
    449            2       -6.27744e+66
    450            2       -6.27744e+66
    451            2       -6.27744e+66

 L O A D   C A S E   D A T A

     LOAD CASE NUMBER . . . . . . . =     2
     NUMBER OF CONCENTRATED LOADS . =    11

    NODE       DIRECTION      LOAD
   NUMBER                   MAGNITUDE
    441            2       -6.27744e+66
    442            2       -6.27744e+66
    443            2       -6.27744e+66
    444            2       -6.27744e+66
    445            2       -6.27744e+66
    446            2       -6.27744e+66
    447            2       -6.27744e+66
    448            2       -6.27744e+66
    449            2       -6.27744e+66
    450            2       -6.27744e+66
    451            2       -6.27744e+66

 E L E M E N T   G R O U P   D A T A


 E L E M E N T   D E F I N I T I O N

 ELEMENT TYPE  . . . . . . . . . . . . .( NPAR(1) ) . . =    2
     EQ.1, TRUSS ELEMENTS
     EQ.2, Q4 ELEMENTS
     EQ.8, AX8R ELEMENTS
     EQ.3, NOT AVAILABLE

 NUMBER OF ELEMENTS. . . . . . . . . . .( NPAR(2) ) . . =  400

 M A T E R I A L   D E F I N I T I O N

 NUMBER OF DIFFERENT SETS OF MATERIAL
 AND CROSS-SECTIONAL  CONSTANTS  . . . .( NPAR(3) ) . . =    1

  SET       YOUNG'S     POISSON'S     THICKNESS
 NUMBER     MODULUS           RATIO                    
               E               v           t     
    1     2.00000e+10     3.00000e-01     1.00000e+00


 E L E M E N T   I N F O R M A T I O N
 ELEMENT     NODE     NODE     NODE     NODE       MATERIAL
 NUMBER-N      I        J         K         L       SET NUMBER
    1          1        2       13       12           1
    2          2        3       14       13           1
    3          3        4       15       14           1
    4          4        5       16       15           1
    5          5        6       17       16           1
    6          6        7       18       17           1
    7          7        8       19       18           1
    8          8        9       20       19           1
    9          9       10       21       20           1
   10         10       11       22       21           1
   11         12       13       24       23           1
   12         13       14       25       24           1
   13         14       15       26       25           1
   14         15       16       27       26           1
   15         16       17       28       27           1
   16         17       18       29       28           1
   17         18       19       30       29           1
   18         19       20       31       30           1
   19         20       21       32       31           1
   20         21       22       33       32           1
   21         23       24       35       34           1
   22         24       25       36       35           1
   23         25       26       37       36           1
   24         26       27       38       37           1
   25         27       28       39       38           1
   26         28       29       40       39           1
   27         29       30       41       40           1
   28         30       31       42       41           1
   29         31       32       43       42           1
   30         32       33       44       43           1
   31         34       35       46       45           1
   32         35       36       47       46           1
   33         36       37       48       47           1
   34         37       38       49       48           1
   35         38       39       50       49           1
   36         39       40       51       50           1
   37         40       41       52       51           1
   38         41       42       53       52           1
   39         42       43       54       53           1
   40         43       44       55       54           1
   41         45       46       57       56           1
   42         46       47       58       57           1
   43         47       48       59       58           1
   44         48       49       60       59           1
   45         49       50       61       60           1
   46         50       51       62       61           1
   47         51       52       63       62           1
   48         52       53       64       63           1
   49         53       54       65       64           1
   50         54       55       66       65           1
   51         56       57       68       67           1
   52         57       58       69       68           1
   53         58       59       70       69           1
   54         59       60       71       70           1
   55         60       61       72       71           1
   56         61       62       73       72           1
   57         62       63       74       73           1
   58         63       64       75       74           1
   59         64       65       76       75           1
   60         65       66       77       76           1
   61         67       68       79       78           1
   62         68       69       80       79           1
   63         69       70       81       80           1
   64         70       71       82       81           1
   65         71       72       83       82           1
   66         72       73       84       83           1
   67         73       74       85       84           1
   68         74       75       86       85           1
   69         75       76       87       86           1
   70         76       77       88       87           1
   71         78       79       90       89           1
   72         79       80       91       90           1
   73         80       81       92       91           1
   74         81       82       93       92           1
   75         82       83       94       93           1
   76         83       84       95       94           1
   77         84       85       96       95           1
   78         85       86       97       96           1
   79         86       87       98       97           1
   80         87       88       99       98           1
   81         89       90      101      100           1
   82         90       91      102      101           1
   83         91       92      103      102           1
   84         92       93      104      103           1
   85         93       94      105      104           1
   86         94       95      106      105           1
   87         95       96      107      106           1
   88         96       97      108      107           1
   89         97       98      109      108           1
   90         98       99      110      109           1
   91        100      101      112      111           1
   92        101      102      113      112           1
   93        102      103      114      113           1
   94        103      104      115      114           1
   95        104      105      116      115           1
   96        105      106      117      116           1
   97        106      107      118      117           1
   98        107      108      119      118           1
   99        108      109      120      119           1
  100        109      110      121      120           1
  101        111      112      123      122           1
  102        112      113      124      123           1
  103        113      114      125      124           1
  104        114      115      126      125           1
  105        115      116      127      126           1
  106        116      117      128      127           1
  107        117      118      129      128           1
  108        118      119      130      129           1
  109        119      120      131      130           1
  110        120      121      132      131           1
  111        122      123      134      133           1
  112        123      124      135      134           1
  113        124      125      136      135           1
  114        125      126      137      136           1
  115        126      127      138      137           1
  116        127      128      139      138           1
  117        128      129      140      139           1
  118        129      130      141      140           1
  119        130      131      142      141           1
  120        131      132      143      142           1
  121        133      134      145      144           1
  122        134      135      146      145           1
  123        135      136      147      146           1
  124        136      137      148      147           1
  125        137      138      149      148           1
  126        138      139      150      149           1
  127        139      140      151      150           1
  128        140      141      152      151           1
  129        141      142      153      152           1
  130        142      143      154      153           1
  131        144      145      156      155           1
  132        145      146      157      156           1
  133        146      147      158      157           1
  134        147      148      159      158           1
  135        148      149      160      159           1
  136        149      150      161      160           1
  137        150      151      162      161           1
  138        151      152      163      162           1
  139        152      153      164      163           1
  140        153      154      165      164           1
  141        155      156      167      166           1
  142        156      157      168      167           1
  143        157      158      169      168           1
  144        158      159      170      169           1
  145        159      160      171      170           1
  146        160      161      172      171           1
  147        161      162      173      172           1
  148        162      163      174      173           1
  149        163      164      175      174           1
  150        164      165      176      175           1
  151        166      167      178      177           1
  152        167      168      179      178           1
  153        168      169      180      179           1
  154        169      170      181      180           1
  155        170      171      182      181           1
  156        171      172      183      182           1
  157        172      173      184      183           1
  158        173      174      185      184           1
  159        174      175      186      185           1
  160        175      176      187      186           1
  161        177      178      189      188           1
  162        178      179      190      189           1
  163        179      180      191      190           1
  164        180      181      192      191           1
  165        181      182      193      192           1
  166        182      183      194      193           1
  167        183      184      195      194           1
  168        184      185      196      195           1
  169        185      186      197      196           1
  170        186      187      198      197           1
  171        188      189      200      199           1
  172        189      190      201      200           1
  173        190      191      202      201           1
  174        191      192      203      202           1
  175        192      193      204      203           1
  176        193      194      205      204           1
  177        194      195      206      205           1
  178        195      196      207      206           1
  179        196      197      208      207           1
  180        197      198      209      208           1
  181        199      200      211      210           1
  182        200      201      212      211           1
  183        201      202      213      212           1
  184        202      203      214      213           1
  185        203      204      215      214           1
  186        204      205      216      215           1
  187        205      206      217      216           1
  188        206      207      218      217           1
  189        207      208      219      218           1
  190        208      209      220      219           1
  191        210      211      222      221           1
  192        211      212      223      222           1
  193        212      213      224      223           1
  194        213      214      225      224           1
  195        214      215      226      225           1
  196        215      216      227      226           1
  197        216      217      228      227           1
  198        217      218      229      228           1
  199        218      219      230      229           1
  200        219      220      231      230           1
  201        221      222      233      232           1
  202        222      223      234      233           1
  203        223      224      235      234           1
  204        224      225      236      235           1
  205        225      226      237      236           1
  206        226      227      238      237           1
  207        227      228      239      238           1
  208        228      229      240      239           1
  209        229      230      241      240           1
  210        230      231      242      241           1
  211        232      233      244      243           1
  212        233      234      245      244           1
  213        234      235      246      245           1
  214        235      236      247      246           1
  215        236      237      248      247           1
  216        237      238      249      248           1
  217        238      239      250      249           1
  218        239      240      251      250           1
  219        240      241      252      251           1
  220        241      242      253      252           1
  221        243      244      255      254           1
  222        244      245      256      255           1
  223        245      246      257      256           1
  224        246      247      258      257           1
  225        247      248      259      258           1
  226        248      249      260      259           1
  227        249      250      261      260           1
  228        250      251      262      261           1
  229        251      252      263      262           1
  230        252      253      264      263           1
  231        254      255      266      265           1
  232        255      256      267      266           1
  233        256      257      268      267           1
  234        257      258      269      268           1
  235        258      259      270      269           1
  236        259      260      271      270           1
  237        260      261      272      271           1
  238        261      262      273      272           1
  239        262      263      274      273           1
  240        263      264      275      274           1
  241        265      266      277      276           1
  242        266      267      278      277           1
  243        267      268      279      278           1
  244        268      269      280      279           1
  245        269      270      281      280           1
  246        270      271      282      281           1
  247        271      272      283      282           1
  248        272      273      284      283           1
  249        273      274      285      284           1
  250        274      275      286      285           1
  251        276      277      288      287           1
  252        277      278      289      288           1
  253        278      279      290      289           1
  254        279      280      291      290           1
  255        280      281      292      291           1
  256        281      282      293      292           1
  257        282      283      294      293           1
  258        283      284      295      294           1
  259        284      285      296      295           1
  260        285      286      297      296           1
  261        287      288      299      298           1
  262        288      289      300      299           1
  263        289      290      301      300           1
  264        290      291      302      301           1
  265        291      292      303      302           1
  266        292      293      304      303           1
  267        293      294      305      304           1
  268        294      295      306      305           1
  269        295      296      307      306           1
  270        296      297      308      307           1
  271        298      299      310      309           1
  272        299      300      311      310           1
  273        300      301      312      311           1
  274        301      302      313      312           1
  275        302      303      314      313           1
  276        303      304      315      314           1
  277        304      305      316      315           1
  278        305      306      317      316           1
  279        306      307      318      317           1
  280        307      308      319      318           1
  281        309      310      321      320           1
  282        310      311      322      321           1
  283        311      312      323      322           1
  284        312      313      324      323           1
  285        313      314      325      324           1
  286        314      315      326      325           1
  287        315      316      327      326           1
  288        316      317      328      327           1
  289        317      318      329      328           1
  290        318      319      330      329           1
  291        320      321      332      331           1
  292        321      322      333      332           1
  293        322      323      334      333           1
  294        323      324      335      334           1
  295        324      325      336      335           1
  296        325      326      337      336           1
  297        326      327      338      337           1
  298        327      328      339      338           1
  299        328      329      340      339           1
  300        329      330      341      340           1
  301        331      332      343      342           1
  302        332      333      344      343           1
  303        333      334      345      344           1
  304        334      335      346      345           1
  305        335      336      347      346           1
  306        336      337      348      347           1
  307        337      338      349      348           1
  308        338      339      350      349           1
  309        339      340      351      350           1
  310        340      341      352      351           1
  311        342      343      354      353           1
  312        343      344      355      354           1
  313        344      345      356      355           1
  314        345      346      357      356           1
  315        346      347      358      357           1
  316        347      348      359      358           1
  317        348      349      360      359           1
  318        349      350      361      360           1
  319        350      351      362      361           1
  320        351      352      363      362           1
  321        353      354      365      364           1
  322        354      355      366      365           1
  323        355      356      367      366           1
  324        356      357      368      367           1
  325        357      358      369      368           1
  326        358      359      370      369           1
  327        359      360      371      370           1
  328        360      361      372      371           1
  329        361      362      373      372           1
  330        362      363      374      373           1
  331        364      365      376      375           1
  332        365      366      377      376           1
  333        366      367      378      377           1
  334        367      368      379      378           1
  335        368      369      380      379           1
  336        369      370      381      380           1
  337        370      371      382      381           1
  338        371      372      383      382           1
  339        372      373      384      383           1
  340        373      374      385      384           1
  341        375      376      387      386           1
  342        376      377      388      387           1
  343        377      378      389      388           1
  344        378      379      390      389           1
  345        379      380      391      390           1
  346        380      381      392      391           1
  347        381      382      393      392           1
  348        382      383      394      393           1
  349        383      384      395      394           1
  350        384      385      396      395           1
  351        386      387      398      397           1
  352        387      388      399      398           1
  353        388      389      400      399           1
  354        389      390      401      400           1
  355        390      391      402      401           1
  356        391      392      403      402           1
  357        392      393      404      403           1
  358        393      394      405      404           1
  359        394      395      406      405           1
  360        395      396      407      406           1
  361        397      398      409      408           1
  362        398      399      410      409           1
  363        399      400      411      410           1
  364        400      401      412      411           1
  365        401      402      413      412           1
  366        402      403      414      413           1
  367        403      404      415      414           1
  368        404      405      416      415           1
  369        405      406      417      416           1
  370        406      407      418      417           1
  371        408      409      420      419           1
  372        409      410      421      420           1
  373        410      411      422      421           1
  374        411      412      423      422           1
  375        412      413      424      423           1
  376        413      414      425      424           1
  377        414      415      426      425           1
  378        415      416      427      426           1
  379        416      417      428      427           1
  380        417      418      429      428           1
  381        419      420      431      430           1
  382        420      421      432      431           1
  383        421      422      433      432           1
  384        422      423      434      433           1
  385        423      424      435      434           1
  386        424      425      436      435           1
  387        425      426      437      436           1
  388        426      427      438      437           1
  389        427      428      439      438           1
  390        428      429      440      439           1
  391        430      431      442      441           1
  392        431      432      443      442           1
  393        432      433      444      443           1
  394        433      434      445      444           1
  395        434      435      446      445           1
  396        435      436      447      446           1
  397        436      437      448      447           1
  398        437      438      449      448           1
  399        438      439      450      449           1
  400        439      440      451      450           1

	TOTAL SYSTEM DATA

     NUMBER OF EQUATIONS . . . . . . . . . . . . . .(NEQ) = 880
     NUMBER OF MATRIX ELEMENTS . . . . . . . . . . .(NWK) = 21796
     MAXIMUM HALF BANDWIDTH  . . . . . . . . . . . .(MK ) = 26
     MEAN HALF BANDWIDTH . . . . . . . . . . . . . .(MM ) = 24


S T A R T: D Y N A M I C S  A N A L Y S I S

	Begin the Load case		1
	Finish the Load case		1
	Begin the Load case		2
	Finish the Load case		2

 S O L U T I O N   T I M E   L O G   I N   S E C 

     TIME FOR INPUT PHASE = 3.35800e+00
     TIME FOR CALCULATION OF STIFFNESS MATRIX = 1.50000e-02
     TIME FOR FACTORIZATION AND LOAD CASE SOLUTIONS = 8.05300e+00

     T O T A L   S O L U T I O N   T I M E = 1.14260e+01
