TITLE : 1D Tensile with 5 elemets
        (17:52:20 on May 3, 2020, Sunday)

C O N T R O L   I N F O R M A T I O N

      NUMBER OF NODAL POINTS . . . . . . . . . . (NUMNP)  =     6
      NUMBER OF ELEMENT GROUPS . . . . . . . . . (NUMEG)  =     1
      NUMBER OF LOAD CASES . . . . . . . . . . . (NLCASE) =     3
      SOLUTION MODE  . . . . . . . . . . . . . . (MODEX)  =     3
         EQ.0, DATA CHECK
         EQ.1, STATISTIC
         EQ.2, MODAL ANALYSIS
         EQ.3, DYNAMICS

 N O D A L   P O I N T   D A T A

    NODE       BOUNDARY                         NODAL POINT
   NUMBER  CONDITION  CODES                     COORDINATES
        1    1    1    1       0.00000e+00    0.00000e+00    0.00000e+00
        2    0    1    1       1.00000e+01    0.00000e+00    0.00000e+00
        3    0    1    1       2.00000e+01    0.00000e+00    0.00000e+00
        4    0    1    1       3.00000e+01    0.00000e+00    0.00000e+00
        5    0    1    1       4.00000e+01    0.00000e+00    0.00000e+00
        6    0    1    1       5.00000e+01    0.00000e+00    0.00000e+00

 EQUATION NUMBERS

   NODE NUMBER   DEGREES OF FREEDOM
        N           X    Y    Z
        1           0    0    0
        2           1    0    0
        3           2    0    0
        4           3    0    0
        5           4    0    0
        6           5    0    0

 L O A D   C A S E   D A T A

     LOAD CASE NUMBER . . . . . . . =     1
     NUMBER OF CONCENTRATED LOADS . =     1

    NODE       DIRECTION      LOAD
   NUMBER                   MAGNITUDE
      6            1       -6.27744e+66

 L O A D   C A S E   D A T A

     LOAD CASE NUMBER . . . . . . . =     2
     NUMBER OF CONCENTRATED LOADS . =     1

    NODE       DIRECTION      LOAD
   NUMBER                   MAGNITUDE
      6            1       -6.27744e+66

 L O A D   C A S E   D A T A

     LOAD CASE NUMBER . . . . . . . =     3
     NUMBER OF CONCENTRATED LOADS . =     1

    NODE       DIRECTION      LOAD
   NUMBER                   MAGNITUDE
      6            1       -6.27744e+66

 E L E M E N T   G R O U P   D A T A


 E L E M E N T   D E F I N I T I O N

 ELEMENT TYPE  . . . . . . . . . . . . .( NPAR(1) ) . . =    1
     EQ.1, TRUSS ELEMENTS
     EQ.2, Q4 ELEMENTS
     EQ.8, AX8R ELEMENTS
     EQ.3, NOT AVAILABLE

 NUMBER OF ELEMENTS. . . . . . . . . . .( NPAR(2) ) . . =    5

 M A T E R I A L   D E F I N I T I O N

 NUMBER OF DIFFERENT SETS OF MATERIAL
 AND CROSS-SECTIONAL  CONSTANTS  . . . .( NPAR(3) ) . . =    1

  SET       YOUNG'S     CROSS-SECTIONAL
 NUMBER     MODULUS          AREA
               E              A
    1     2.00000e+05     1.00000e+00


 E L E M E N T   I N F O R M A T I O N
 ELEMENT     NODE     NODE       MATERIAL
 NUMBER-N      I        J       SET NUMBER
    1          1        2           1
    2          2        3           1
    3          3        4           1
    4          4        5           1
    5          5        6           1

	TOTAL SYSTEM DATA

     NUMBER OF EQUATIONS . . . . . . . . . . . . . .(NEQ) = 5
     NUMBER OF MATRIX ELEMENTS . . . . . . . . . . .(NWK) = 9
     MAXIMUM HALF BANDWIDTH  . . . . . . . . . . . .(MK ) = 2
     MEAN HALF BANDWIDTH . . . . . . . . . . . . . .(MM ) = 1


S T A R T: D Y N A M I C S  A N A L Y S I S

	Begin the Load case		1
	Finish the Load case		1
	Begin the Load case		2
	Finish the Load case		2
	Begin the Load case		3
	Finish the Load case		3

 S O L U T I O N   T I M E   L O G   I N   S E C 

     TIME FOR INPUT PHASE = 1.66000e-01
     TIME FOR CALCULATION OF STIFFNESS MATRIX = 1.60000e-02
     TIME FOR FACTORIZATION AND LOAD CASE SOLUTIONS = 1.02600e+00

     T O T A L   S O L U T I O N   T I M E = 1.20800e+00
