TITLE : problem plate_strain1
        (16:31:50 on March 28, 2020, Saturday)

C O N T R O L   I N F O R M A T I O N

      NUMBER OF NODAL POINTS . . . . . . . . . . (NUMNP)  =     4
      NUMBER OF ELEMENT GROUPS . . . . . . . . . (NUMEG)  =     1
      NUMBER OF LOAD CASES . . . . . . . . . . . (NLCASE) =     1
      SOLUTION MODE  . . . . . . . . . . . . . . (MODEX)  =     1
         EQ.0, DATA CHECK
         EQ.1, EXECUTION

 N O D A L   P O I N T   D A T A

    NODE       BOUNDARY                         NODAL POINT
   NUMBER  CONDITION  CODES                     COORDINATES
        1    1    1    1       0.00000e+00    0.00000e+00    0.00000e+00
        2    1    1    1       1.00000e+02    0.00000e+00    0.00000e+00
        3    0    0    1       1.00000e+02    1.00000e+02    0.00000e+00
        4    0    0    1       0.00000e+00    1.00000e+02    0.00000e+00

 EQUATION NUMBERS

   NODE NUMBER   DEGREES OF FREEDOM
        N           X    Y    Z
        1           0    0    0
        2           0    0    0
        3           1    2    0
        4           3    4    0

 L O A D   C A S E   D A T A

     LOAD CASE NUMBER . . . . . . . =     1
     NUMBER OF CONCENTRATED LOADS . =     2

    NODE       DIRECTION      LOAD
   NUMBER                   MAGNITUDE
      3            2        1.00000e+03
      4            2        1.00000e+03

 E L E M E N T   G R O U P   D A T A


 E L E M E N T   D E F I N I T I O N

 ELEMENT TYPE  . . . . . . . . . . . . .( NPAR(1) ) . . =    2
     EQ.1, TRUSS ELEMENTS
     EQ.2, Q4 ELEMENTS
     EQ.3, NOT AVAILABLE

 NUMBER OF ELEMENTS. . . . . . . . . . .( NPAR(2) ) . . =    1

 M A T E R I A L   D E F I N I T I O N

 NUMBER OF DIFFERENT SETS OF MATERIAL
 AND CROSS-SECTIONAL  CONSTANTS  . . . .( NPAR(3) ) . . =    1

  SET       YOUNG'S     POISSON'S     THICKNESS
 NUMBER     MODULUS           RATIO                    
               E               v           t     
    1     2.00000e+05     2.00000e-01     1.00000e+00


 E L E M E N T   I N F O R M A T I O N
 ELEMENT     NODE     NODE     NODE     NODE       MATERIAL
 NUMBER-N      I        J         K         L       SET NUMBER
    1          1        2        3        4           1

	TOTAL SYSTEM DATA

     NUMBER OF EQUATIONS . . . . . . . . . . . . . .(NEQ) = 4
     NUMBER OF MATRIX ELEMENTS . . . . . . . . . . .(NWK) = 10
     MAXIMUM HALF BANDWIDTH  . . . . . . . . . . . .(MK ) = 4
     MEAN HALF BANDWIDTH . . . . . . . . . . . . . .(MM ) = 2


 LOAD CASE    1


 D I S P L A C E M E N T S

  NODE           X-DISPLACEMENT    Y-DISPLACEMENT    Z-DISPLACEMENT
    1               0.00000e+00       0.00000e+00       0.00000e+00
    2               0.00000e+00       0.00000e+00       0.00000e+00
    3              -1.61194e-03       9.40299e-03       0.00000e+00
    4               1.61194e-03       9.40299e-03       0.00000e+00

 S T R E S S  C A L C U L A T I O N S  F O R  E L E M E N T  G R O U P    1

Element Number    1
Stress on GAUSS Points
Stress on  Point    1
        -4.26329e-01         1.94830e+01        -7.75545e-01
Stress on  Point    2
         3.70991e+00         2.05170e+01        -7.75545e-01
Stress on  Point    3
        -4.26329e-01         1.94830e+01         7.75545e-01
Stress on  Point    4
         3.70991e+00         2.05170e+01         7.75545e-01


 S O L U T I O N   T I M E   L O G   I N   S E C 

     TIME FOR INPUT PHASE = 1.45000e-01
     TIME FOR CALCULATION OF STIFFNESS MATRIX = 2.10000e-02
     TIME FOR FACTORIZATION AND LOAD CASE SOLUTIONS = 2.80000e-02

     T O T A L   S O L U T I O N   T I M E = 2.28000e-01
