TITLE : problem plate_strain1
        (17:33:19 on April 2, 2020, Thursday)

C O N T R O L   I N F O R M A T I O N

      NUMBER OF NODAL POINTS . . . . . . . . . . (NUMNP)  =     9
      NUMBER OF ELEMENT GROUPS . . . . . . . . . (NUMEG)  =     1
      NUMBER OF LOAD CASES . . . . . . . . . . . (NLCASE) =     1
      SOLUTION MODE  . . . . . . . . . . . . . . (MODEX)  =     1
         EQ.0, DATA CHECK
         EQ.1, EXECUTION

 N O D A L   P O I N T   D A T A

    NODE       BOUNDARY                         NODAL POINT
   NUMBER  CONDITION  CODES                     COORDINATES
        1    1    1    1       0.00000e+00    0.00000e+00    0.00000e+00
        2    1    1    1       0.00000e+00    1.50000e+00    0.00000e+00
        3    1    1    1       0.00000e+00    3.00000e+00    0.00000e+00
        4    0    0    1       2.50000e+00    0.00000e+00    0.00000e+00
        5    0    0    1       2.50000e+00    1.15000e+00    0.00000e+00
        6    0    0    1       2.50000e+00    2.30000e+00    0.00000e+00
        7    0    0    1       5.00000e+00    0.00000e+00    0.00000e+00
        8    0    0    1       5.00000e+00    8.00000e-01    0.00000e+00
        9    0    0    1       5.00000e+00    1.60000e+00    0.00000e+00

 EQUATION NUMBERS

   NODE NUMBER   DEGREES OF FREEDOM
        N           X    Y    Z
        1           0    0    0
        2           0    0    0
        3           0    0    0
        4           1    2    0
        5           3    4    0
        6           5    6    0
        7           7    8    0
        8           9   10    0
        9          11   12    0

 L O A D   C A S E   D A T A

     LOAD CASE NUMBER . . . . . . . =     1
     NUMBER OF CONCENTRATED LOADS . =     1

    NODE       DIRECTION      LOAD
   NUMBER                   MAGNITUDE
      7            2       -1.00000e+03

 E L E M E N T   G R O U P   D A T A


 E L E M E N T   D E F I N I T I O N

 ELEMENT TYPE  . . . . . . . . . . . . .( NPAR(1) ) . . =    2
     EQ.1, TRUSS ELEMENTS
     EQ.2, Q4 ELEMENTS
     EQ.3, NOT AVAILABLE

 NUMBER OF ELEMENTS. . . . . . . . . . .( NPAR(2) ) . . =    4

 M A T E R I A L   D E F I N I T I O N

 NUMBER OF DIFFERENT SETS OF MATERIAL
 AND CROSS-SECTIONAL  CONSTANTS  . . . .( NPAR(3) ) . . =    1

  SET       YOUNG'S     POISSON'S     THICKNESS
 NUMBER     MODULUS           RATIO                    
               E               v           t     
    1     2.00000e+09     3.00000e-01     1.00000e+00


 E L E M E N T   I N F O R M A T I O N
 ELEMENT     NODE     NODE     NODE     NODE       MATERIAL
 NUMBER-N      I        J         K         L       SET NUMBER
    1          1        4        5        2           1
    2          2        5        6        3           1
    3          4        7        8        5           1
    4          5        8        9        6           1

	TOTAL SYSTEM DATA

     NUMBER OF EQUATIONS . . . . . . . . . . . . . .(NEQ) = 12
     NUMBER OF MATRIX ELEMENTS . . . . . . . . . . .(NWK) = 70
     MAXIMUM HALF BANDWIDTH  . . . . . . . . . . . .(MK ) = 10
     MEAN HALF BANDWIDTH . . . . . . . . . . . . . .(MM ) = 5


 LOAD CASE    1


 D I S P L A C E M E N T S

  NODE           X-DISPLACEMENT    Y-DISPLACEMENT    Z-DISPLACEMENT
    1               0.00000e+00       0.00000e+00       0.00000e+00
    2               0.00000e+00       0.00000e+00       0.00000e+00
    3               0.00000e+00       0.00000e+00       0.00000e+00
    4              -2.47175e-06      -3.27628e-06       0.00000e+00
    5              -1.56896e-07      -3.11271e-06       0.00000e+00
    6               1.76060e-06      -3.32644e-06       0.00000e+00
    7              -3.73936e-06      -1.11284e-05       0.00000e+00
    8              -1.13140e-06      -1.07412e-05       0.00000e+00
    9               1.26502e-06      -1.06180e-05       0.00000e+00

 S T R E S S  C A L C U L A T I O N S  F O R  E L E M E N T  G R O U P    1

Element Number    1
Stress on GAUSS Points
Stress on  Point    1
        -1.30764e+02         1.75592e+02         1.87943e+02
Stress on  Point    2
        -1.89465e+03        -5.80357e+02         1.52333e+02
Stress on  Point    3
        -5.65837e+02        -1.89231e+02        -7.02459e+02
Stress on  Point    4
        -2.07977e+03        -8.38060e+02        -7.33022e+02
Element Number    2
Stress on GAUSS Points
Stress on  Point    1
         2.13375e+03         6.11792e+02        -8.57179e+01
Stress on  Point    2
         6.72645e+02        -1.43963e+01        -3.91878e+01
Stress on  Point    3
         1.61468e+03         6.22396e+02        -7.97143e+02
Stress on  Point    4
         3.60614e+02         8.49401e+01        -7.57206e+02
Element Number    3
Stress on GAUSS Points
Stress on  Point    1
         1.98665e+02         9.40075e+02        -8.78201e+01
Stress on  Point    2
        -6.17531e+02         5.90277e+02        -1.51741e+02
Stress on  Point    3
        -2.33479e+02         3.30558e+02        -6.46018e+02
Stress on  Point    4
        -8.96398e+02         4.64493e+01        -6.97935e+02
Element Number    4
Stress on GAUSS Points
Stress on  Point    1
         1.19649e+03         6.43449e+02        -2.33852e+02
Stress on  Point    2
         3.27195e+02         2.70896e+02        -2.97393e+02
Stress on  Point    3
         4.69291e+02        -9.00020e+01        -8.47865e+02
Stress on  Point    4
        -2.36752e+02        -3.92592e+02        -8.99474e+02


 S O L U T I O N   T I M E   L O G   I N   S E C 

     TIME FOR INPUT PHASE = 2.03000e-01
     TIME FOR CALCULATION OF STIFFNESS MATRIX = 2.70000e-02
     TIME FOR FACTORIZATION AND LOAD CASE SOLUTIONS = 4.90000e-02

     T O T A L   S O L U T I O N   T I M E = 3.89000e-01
