TITLE : CAX8R_SPHERE
        (9:0:35 on April 19, 2020, Sunday)

C O N T R O L   I N F O R M A T I O N

      NUMBER OF NODAL POINTS . . . . . . . . . . (NUMNP)  =   661
      NUMBER OF ELEMENT GROUPS . . . . . . . . . (NUMEG)  =     1
      NUMBER OF LOAD CASES . . . . . . . . . . . (NLCASE) =     1
      SOLUTION MODE  . . . . . . . . . . . . . . (MODEX)  =     1
         EQ.0, DATA CHECK
         EQ.1, STATISTIC
         EQ.2, MODAL ANALYSIS
         EQ.3, DYNAMICS

 N O D A L   P O I N T   D A T A

    NODE       BOUNDARY                         NODAL POINT
   NUMBER  CONDITION  CODES                     COORDINATES
        1    1    1    1      1.00000e+001   0.00000e+000   0.00000e+000
        2    1    1    1      1.05000e+001   0.00000e+000   0.00000e+000
        3    1    1    1      1.10000e+001   0.00000e+000   0.00000e+000
        4    1    1    1      1.15000e+001   0.00000e+000   0.00000e+000
        5    1    1    1      1.20000e+001   0.00000e+000   0.00000e+000
        6    1    1    1      1.25000e+001   0.00000e+000   0.00000e+000
        7    1    1    1      1.30000e+001   0.00000e+000   0.00000e+000
        8    1    1    1      1.35000e+001   0.00000e+000   0.00000e+000
        9    1    1    1      1.40000e+001   0.00000e+000   0.00000e+000
       10    1    1    1      1.45000e+001   0.00000e+000   0.00000e+000
       11    1    1    1      1.50000e+001   0.00000e+000   0.00000e+000
       12    1    1    1      1.55000e+001   0.00000e+000   0.00000e+000
       13    1    1    1      1.60000e+001   0.00000e+000   0.00000e+000
       14    1    1    1      1.65000e+001   0.00000e+000   0.00000e+000
       15    1    1    1      1.70000e+001   0.00000e+000   0.00000e+000
       16    1    1    1      1.75000e+001   0.00000e+000   0.00000e+000
       17    1    1    1      1.80000e+001   0.00000e+000   0.00000e+000
       18    1    1    1      1.85000e+001   0.00000e+000   0.00000e+000
       19    1    1    1      1.90000e+001   0.00000e+000   0.00000e+000
       20    1    1    1      1.95000e+001   0.00000e+000   0.00000e+000
       21    1    1    1      2.00000e+001   0.00000e+000   0.00000e+000
       22    0    0    1      9.99230e+000   3.92600e-001   0.00000e+000
       23    0    0    1      1.09915e+001   4.31900e-001   0.00000e+000
       24    0    0    1      1.19907e+001   4.71100e-001   0.00000e+000
       25    0    0    1      1.29900e+001   5.10400e-001   0.00000e+000
       26    0    0    1      1.39892e+001   5.49600e-001   0.00000e+000
       27    0    0    1      1.49884e+001   5.88900e-001   0.00000e+000
       28    0    0    1      1.59877e+001   6.28200e-001   0.00000e+000
       29    0    0    1      1.69869e+001   6.67400e-001   0.00000e+000
       30    0    0    1      1.79861e+001   7.06700e-001   0.00000e+000
       31    0    0    1      1.89854e+001   7.45900e-001   0.00000e+000
       32    0    0    1      1.99846e+001   7.85200e-001   0.00000e+000
       33    0    0    1      9.96920e+000   7.84600e-001   0.00000e+000
       34    0    0    1      1.04676e+001   8.23800e-001   0.00000e+000
       35    0    0    1      1.09661e+001   8.63100e-001   0.00000e+000
       36    0    0    1      1.14645e+001   9.02300e-001   0.00000e+000
       37    0    0    1      1.19630e+001   9.41500e-001   0.00000e+000
       38    0    0    1      1.24615e+001   9.80700e-001   0.00000e+000
       39    0    0    1      1.29599e+001   1.02000e+000   0.00000e+000
       40    0    0    1      1.34584e+001   1.05920e+000   0.00000e+000
       41    0    0    1      1.39568e+001   1.09840e+000   0.00000e+000
       42    0    0    1      1.44553e+001   1.13770e+000   0.00000e+000
       43    0    0    1      1.49538e+001   1.17690e+000   0.00000e+000
       44    0    0    1      1.54522e+001   1.21610e+000   0.00000e+000
       45    0    0    1      1.59507e+001   1.25530e+000   0.00000e+000
       46    0    0    1      1.64491e+001   1.29460e+000   0.00000e+000
       47    0    0    1      1.69476e+001   1.33380e+000   0.00000e+000
       48    0    0    1      1.74461e+001   1.37300e+000   0.00000e+000
       49    0    0    1      1.79445e+001   1.41230e+000   0.00000e+000
       50    0    0    1      1.84430e+001   1.45150e+000   0.00000e+000
       51    0    0    1      1.89414e+001   1.49070e+000   0.00000e+000
       52    0    0    1      1.94399e+001   1.53000e+000   0.00000e+000
       53    0    0    1      1.99383e+001   1.56920e+000   0.00000e+000
       54    0    0    1      9.93070e+000   1.17540e+000   0.00000e+000
       55    0    0    1      1.09238e+001   1.29290e+000   0.00000e+000
       56    0    0    1      1.19168e+001   1.41040e+000   0.00000e+000
       57    0    0    1      1.29099e+001   1.52800e+000   0.00000e+000
       58    0    0    1      1.39030e+001   1.64550e+000   0.00000e+000
       59    0    0    1      1.48960e+001   1.76310e+000   0.00000e+000
       60    0    0    1      1.58891e+001   1.88060e+000   0.00000e+000
       61    0    0    1      1.68822e+001   1.99810e+000   0.00000e+000
       62    0    0    1      1.78752e+001   2.11570e+000   0.00000e+000
       63    0    0    1      1.88683e+001   2.23320e+000   0.00000e+000
       64    0    0    1      1.98614e+001   2.35070e+000   0.00000e+000
       65    0    0    1      9.87690e+000   1.56430e+000   0.00000e+000
       66    0    0    1      1.03707e+001   1.64260e+000   0.00000e+000
       67    0    0    1      1.08646e+001   1.72080e+000   0.00000e+000
       68    0    0    1      1.13584e+001   1.79900e+000   0.00000e+000
       69    0    0    1      1.18523e+001   1.87720e+000   0.00000e+000
       70    0    0    1      1.23461e+001   1.95540e+000   0.00000e+000
       71    0    0    1      1.28399e+001   2.03360e+000   0.00000e+000
       72    0    0    1      1.33338e+001   2.11190e+000   0.00000e+000
       73    0    0    1      1.38276e+001   2.19010e+000   0.00000e+000
       74    0    0    1      1.43215e+001   2.26830e+000   0.00000e+000
       75    0    0    1      1.48153e+001   2.34650e+000   0.00000e+000
       76    0    0    1      1.53092e+001   2.42470e+000   0.00000e+000
       77    0    0    1      1.58030e+001   2.50300e+000   0.00000e+000
       78    0    0    1      1.62969e+001   2.58120e+000   0.00000e+000
       79    0    0    1      1.67907e+001   2.65940e+000   0.00000e+000
       80    0    0    1      1.72845e+001   2.73760e+000   0.00000e+000
       81    0    0    1      1.77784e+001   2.81580e+000   0.00000e+000
       82    0    0    1      1.82722e+001   2.89400e+000   0.00000e+000
       83    0    0    1      1.87661e+001   2.97230e+000   0.00000e+000
       84    0    0    1      1.92599e+001   3.05050e+000   0.00000e+000
       85    0    0    1      1.97538e+001   3.12870e+000   0.00000e+000
       86    0    0    1      9.80790e+000   1.95090e+000   0.00000e+000
       87    0    0    1      1.07886e+001   2.14600e+000   0.00000e+000
       88    0    0    1      1.17694e+001   2.34110e+000   0.00000e+000
       89    0    0    1      1.27502e+001   2.53620e+000   0.00000e+000
       90    0    0    1      1.37310e+001   2.73130e+000   0.00000e+000
       91    0    0    1      1.47118e+001   2.92640e+000   0.00000e+000
       92    0    0    1      1.56926e+001   3.12140e+000   0.00000e+000
       93    0    0    1      1.66733e+001   3.31650e+000   0.00000e+000
       94    0    0    1      1.76541e+001   3.51160e+000   0.00000e+000
       95    0    0    1      1.86349e+001   3.70670e+000   0.00000e+000
       96    0    0    1      1.96157e+001   3.90180e+000   0.00000e+000
       97    0    0    1      9.72370e+000   2.33450e+000   0.00000e+000
       98    0    0    1      1.02099e+001   2.45120e+000   0.00000e+000
       99    0    0    1      1.06961e+001   2.56790e+000   0.00000e+000
      100    0    0    1      1.11823e+001   2.68460e+000   0.00000e+000
      101    0    0    1      1.16684e+001   2.80130e+000   0.00000e+000
      102    0    0    1      1.21546e+001   2.91810e+000   0.00000e+000
      103    0    0    1      1.26408e+001   3.03480e+000   0.00000e+000
      104    0    0    1      1.31270e+001   3.15150e+000   0.00000e+000
      105    0    0    1      1.36132e+001   3.26820e+000   0.00000e+000
      106    0    0    1      1.40994e+001   3.38500e+000   0.00000e+000
      107    0    0    1      1.45855e+001   3.50170e+000   0.00000e+000
      108    0    0    1      1.50717e+001   3.61840e+000   0.00000e+000
      109    0    0    1      1.55579e+001   3.73510e+000   0.00000e+000
      110    0    0    1      1.60441e+001   3.85180e+000   0.00000e+000
      111    0    0    1      1.65303e+001   3.96860e+000   0.00000e+000
      112    0    0    1      1.70165e+001   4.08530e+000   0.00000e+000
      113    0    0    1      1.75027e+001   4.20200e+000   0.00000e+000
      114    0    0    1      1.79888e+001   4.31870e+000   0.00000e+000
      115    0    0    1      1.84750e+001   4.43550e+000   0.00000e+000
      116    0    0    1      1.89612e+001   4.55220e+000   0.00000e+000
      117    0    0    1      1.94474e+001   4.66890e+000   0.00000e+000
      118    0    0    1      9.62460e+000   2.71440e+000   0.00000e+000
      119    0    0    1      1.05870e+001   2.98580e+000   0.00000e+000
      120    0    0    1      1.15495e+001   3.25730e+000   0.00000e+000
      121    0    0    1      1.25119e+001   3.52870e+000   0.00000e+000
      122    0    0    1      1.34744e+001   3.80020e+000   0.00000e+000
      123    0    0    1      1.44368e+001   4.07160e+000   0.00000e+000
      124    0    0    1      1.53993e+001   4.34300e+000   0.00000e+000
      125    0    0    1      1.63617e+001   4.61450e+000   0.00000e+000
      126    0    0    1      1.73242e+001   4.88590e+000   0.00000e+000
      127    0    0    1      1.82866e+001   5.15740e+000   0.00000e+000
      128    0    0    1      1.92491e+001   5.42880e+000   0.00000e+000
      129    0    0    1      9.51060e+000   3.09020e+000   0.00000e+000
      130    0    0    1      9.98610e+000   3.24470e+000   0.00000e+000
      131    0    0    1      1.04616e+001   3.39920e+000   0.00000e+000
      132    0    0    1      1.09371e+001   3.55370e+000   0.00000e+000
      133    0    0    1      1.14127e+001   3.70820e+000   0.00000e+000
      134    0    0    1      1.18882e+001   3.86270e+000   0.00000e+000
      135    0    0    1      1.23637e+001   4.01720e+000   0.00000e+000
      136    0    0    1      1.28393e+001   4.17170e+000   0.00000e+000
      137    0    0    1      1.33148e+001   4.32620e+000   0.00000e+000
      138    0    0    1      1.37903e+001   4.48070e+000   0.00000e+000
      139    0    0    1      1.42658e+001   4.63530e+000   0.00000e+000
      140    0    0    1      1.47414e+001   4.78980e+000   0.00000e+000
      141    0    0    1      1.52169e+001   4.94430e+000   0.00000e+000
      142    0    0    1      1.56924e+001   5.09880e+000   0.00000e+000
      143    0    0    1      1.61680e+001   5.25330e+000   0.00000e+000
      144    0    0    1      1.66435e+001   5.40780e+000   0.00000e+000
      145    0    0    1      1.71190e+001   5.56230e+000   0.00000e+000
      146    0    0    1      1.75945e+001   5.71680e+000   0.00000e+000
      147    0    0    1      1.80701e+001   5.87130e+000   0.00000e+000
      148    0    0    1      1.85456e+001   6.02580e+000   0.00000e+000
      149    0    0    1      1.90211e+001   6.18030e+000   0.00000e+000
      150    0    0    1      9.38190e+000   3.46120e+000   0.00000e+000
      151    0    0    1      1.03201e+001   3.80730e+000   0.00000e+000
      152    0    0    1      1.12583e+001   4.15340e+000   0.00000e+000
      153    0    0    1      1.21965e+001   4.49950e+000   0.00000e+000
      154    0    0    1      1.31347e+001   4.84560e+000   0.00000e+000
      155    0    0    1      1.40729e+001   5.19180e+000   0.00000e+000
      156    0    0    1      1.50111e+001   5.53790e+000   0.00000e+000
      157    0    0    1      1.59493e+001   5.88400e+000   0.00000e+000
      158    0    0    1      1.68874e+001   6.23010e+000   0.00000e+000
      159    0    0    1      1.78256e+001   6.57620e+000   0.00000e+000
      160    0    0    1      1.87638e+001   6.92230e+000   0.00000e+000
      161    0    0    1      9.23880e+000   3.82680e+000   0.00000e+000
      162    0    0    1      9.70070e+000   4.01820e+000   0.00000e+000
      163    0    0    1      1.01627e+001   4.20950e+000   0.00000e+000
      164    0    0    1      1.06246e+001   4.40090e+000   0.00000e+000
      165    0    0    1      1.10866e+001   4.59220e+000   0.00000e+000
      166    0    0    1      1.15485e+001   4.78350e+000   0.00000e+000
      167    0    0    1      1.20104e+001   4.97490e+000   0.00000e+000
      168    0    0    1      1.24724e+001   5.16620e+000   0.00000e+000
      169    0    0    1      1.29343e+001   5.35760e+000   0.00000e+000
      170    0    0    1      1.33963e+001   5.54890e+000   0.00000e+000
      171    0    0    1      1.38582e+001   5.74030e+000   0.00000e+000
      172    0    0    1      1.43201e+001   5.93160e+000   0.00000e+000
      173    0    0    1      1.47821e+001   6.12290e+000   0.00000e+000
      174    0    0    1      1.52440e+001   6.31430e+000   0.00000e+000
      175    0    0    1      1.57060e+001   6.50560e+000   0.00000e+000
      176    0    0    1      1.61679e+001   6.69700e+000   0.00000e+000
      177    0    0    1      1.66298e+001   6.88830e+000   0.00000e+000
      178    0    0    1      1.70918e+001   7.07960e+000   0.00000e+000
      179    0    0    1      1.75537e+001   7.27100e+000   0.00000e+000
      180    0    0    1      1.80157e+001   7.46230e+000   0.00000e+000
      181    0    0    1      1.84776e+001   7.65370e+000   0.00000e+000
      182    0    0    1      9.08140e+000   4.18660e+000   0.00000e+000
      183    0    0    1      9.98960e+000   4.60530e+000   0.00000e+000
      184    0    0    1      1.08977e+001   5.02390e+000   0.00000e+000
      185    0    0    1      1.18059e+001   5.44260e+000   0.00000e+000
      186    0    0    1      1.27140e+001   5.86120e+000   0.00000e+000
      187    0    0    1      1.36221e+001   6.27990e+000   0.00000e+000
      188    0    0    1      1.45303e+001   6.69860e+000   0.00000e+000
      189    0    0    1      1.54384e+001   7.11720e+000   0.00000e+000
      190    0    0    1      1.63466e+001   7.53590e+000   0.00000e+000
      191    0    0    1      1.72547e+001   7.95450e+000   0.00000e+000
      192    0    0    1      1.81629e+001   8.37320e+000   0.00000e+000
      193    0    0    1      8.91010e+000   4.53990e+000   0.00000e+000
      194    0    0    1      9.35560e+000   4.76690e+000   0.00000e+000
      195    0    0    1      9.80110e+000   4.99390e+000   0.00000e+000
      196    0    0    1      1.02466e+001   5.22090e+000   0.00000e+000
      197    0    0    1      1.06921e+001   5.44790e+000   0.00000e+000
      198    0    0    1      1.11376e+001   5.67490e+000   0.00000e+000
      199    0    0    1      1.15831e+001   5.90190e+000   0.00000e+000
      200    0    0    1      1.20286e+001   6.12890e+000   0.00000e+000
      201    0    0    1      1.24741e+001   6.35590e+000   0.00000e+000
      202    0    0    1      1.29196e+001   6.58290e+000   0.00000e+000
      203    0    0    1      1.33651e+001   6.80990e+000   0.00000e+000
      204    0    0    1      1.38106e+001   7.03690e+000   0.00000e+000
      205    0    0    1      1.42561e+001   7.26380e+000   0.00000e+000
      206    0    0    1      1.47016e+001   7.49080e+000   0.00000e+000
      207    0    0    1      1.51471e+001   7.71780e+000   0.00000e+000
      208    0    0    1      1.55926e+001   7.94480e+000   0.00000e+000
      209    0    0    1      1.60381e+001   8.17180e+000   0.00000e+000
      210    0    0    1      1.64836e+001   8.39880e+000   0.00000e+000
      211    0    0    1      1.69291e+001   8.62580e+000   0.00000e+000
      212    0    0    1      1.73746e+001   8.85280e+000   0.00000e+000
      213    0    0    1      1.78201e+001   9.07980e+000   0.00000e+000
      214    0    0    1      8.72500e+000   4.88620e+000   0.00000e+000
      215    0    0    1      9.59750e+000   5.37480e+000   0.00000e+000
      216    0    0    1      1.04700e+001   5.86350e+000   0.00000e+000
      217    0    0    1      1.13424e+001   6.35210e+000   0.00000e+000
      218    0    0    1      1.22149e+001   6.84070e+000   0.00000e+000
      219    0    0    1      1.30874e+001   7.32930e+000   0.00000e+000
      220    0    0    1      1.39599e+001   7.81790e+000   0.00000e+000
      221    0    0    1      1.48324e+001   8.30660e+000   0.00000e+000
      222    0    0    1      1.57049e+001   8.79520e+000   0.00000e+000
      223    0    0    1      1.65774e+001   9.28380e+000   0.00000e+000
      224    0    0    1      1.74499e+001   9.77240e+000   0.00000e+000
      225    0    0    1      8.52640e+000   5.22500e+000   0.00000e+000
      226    0    0    1      8.95270e+000   5.48620e+000   0.00000e+000
      227    0    0    1      9.37900e+000   5.74750e+000   0.00000e+000
      228    0    0    1      9.80540e+000   6.00870e+000   0.00000e+000
      229    0    0    1      1.02317e+001   6.27000e+000   0.00000e+000
      230    0    0    1      1.06580e+001   6.53120e+000   0.00000e+000
      231    0    0    1      1.10843e+001   6.79250e+000   0.00000e+000
      232    0    0    1      1.15106e+001   7.05370e+000   0.00000e+000
      233    0    0    1      1.19370e+001   7.31500e+000   0.00000e+000
      234    0    0    1      1.23633e+001   7.57620e+000   0.00000e+000
      235    0    0    1      1.27896e+001   7.83750e+000   0.00000e+000
      236    0    0    1      1.32159e+001   8.09870e+000   0.00000e+000
      237    0    0    1      1.36422e+001   8.36000e+000   0.00000e+000
      238    0    0    1      1.40686e+001   8.62120e+000   0.00000e+000
      239    0    0    1      1.44949e+001   8.88250e+000   0.00000e+000
      240    0    0    1      1.49212e+001   9.14370e+000   0.00000e+000
      241    0    0    1      1.53475e+001   9.40500e+000   0.00000e+000
      242    0    0    1      1.57738e+001   9.66620e+000   0.00000e+000
      243    0    0    1      1.62002e+001   9.92750e+000   0.00000e+000
      244    0    0    1      1.66265e+001   1.01887e+001   0.00000e+000
      245    0    0    1      1.70528e+001   1.04500e+001   0.00000e+000
      246    0    0    1      8.31470e+000   5.55570e+000   0.00000e+000
      247    0    0    1      9.14620e+000   6.11130e+000   0.00000e+000
      248    0    0    1      9.97760e+000   6.66680e+000   0.00000e+000
      249    0    0    1      1.08091e+001   7.22240e+000   0.00000e+000
      250    0    0    1      1.16406e+001   7.77800e+000   0.00000e+000
      251    0    0    1      1.24720e+001   8.33360e+000   0.00000e+000
      252    0    0    1      1.33035e+001   8.88910e+000   0.00000e+000
      253    0    0    1      1.41350e+001   9.44470e+000   0.00000e+000
      254    0    0    1      1.49665e+001   1.00003e+001   0.00000e+000
      255    0    0    1      1.57979e+001   1.05558e+001   0.00000e+000
      256    0    0    1      1.66294e+001   1.11114e+001   0.00000e+000
      257    0    0    1      8.09020e+000   5.87790e+000   0.00000e+000
      258    0    0    1      8.49470e+000   6.17170e+000   0.00000e+000
      259    0    0    1      8.89920e+000   6.46560e+000   0.00000e+000
      260    0    0    1      9.30370e+000   6.75950e+000   0.00000e+000
      261    0    0    1      9.70820e+000   7.05340e+000   0.00000e+000
      262    0    0    1      1.01127e+001   7.34730e+000   0.00000e+000
      263    0    0    1      1.05172e+001   7.64120e+000   0.00000e+000
      264    0    0    1      1.09217e+001   7.93510e+000   0.00000e+000
      265    0    0    1      1.13262e+001   8.22900e+000   0.00000e+000
      266    0    0    1      1.17307e+001   8.52290e+000   0.00000e+000
      267    0    0    1      1.21353e+001   8.81680e+000   0.00000e+000
      268    0    0    1      1.25398e+001   9.11070e+000   0.00000e+000
      269    0    0    1      1.29443e+001   9.40460e+000   0.00000e+000
      270    0    0    1      1.33488e+001   9.69850e+000   0.00000e+000
      271    0    0    1      1.37533e+001   9.99230e+000   0.00000e+000
      272    0    0    1      1.41578e+001   1.02862e+001   0.00000e+000
      273    0    0    1      1.45623e+001   1.05801e+001   0.00000e+000
      274    0    0    1      1.49668e+001   1.08740e+001   0.00000e+000
      275    0    0    1      1.53713e+001   1.11679e+001   0.00000e+000
      276    0    0    1      1.57758e+001   1.14618e+001   0.00000e+000
      277    0    0    1      1.61803e+001   1.17557e+001   0.00000e+000
      278    0    0    1      7.85320e+000   6.19090e+000   0.00000e+000
      279    0    0    1      8.63850e+000   6.81000e+000   0.00000e+000
      280    0    0    1      9.42380e+000   7.42910e+000   0.00000e+000
      281    0    0    1      1.02091e+001   8.04820e+000   0.00000e+000
      282    0    0    1      1.09944e+001   8.66730e+000   0.00000e+000
      283    0    0    1      1.17798e+001   9.28640e+000   0.00000e+000
      284    0    0    1      1.25651e+001   9.90550e+000   0.00000e+000
      285    0    0    1      1.33504e+001   1.05246e+001   0.00000e+000
      286    0    0    1      1.41357e+001   1.11437e+001   0.00000e+000
      287    0    0    1      1.49210e+001   1.17628e+001   0.00000e+000
      288    0    0    1      1.57063e+001   1.23819e+001   0.00000e+000
      289    0    0    1      7.60410e+000   6.49450e+000   0.00000e+000
      290    0    0    1      7.98430e+000   6.81920e+000   0.00000e+000
      291    0    0    1      8.36450e+000   7.14390e+000   0.00000e+000
      292    0    0    1      8.74470e+000   7.46870e+000   0.00000e+000
      293    0    0    1      9.12490e+000   7.79340e+000   0.00000e+000
      294    0    0    1      9.50510e+000   8.11810e+000   0.00000e+000
      295    0    0    1      9.88530e+000   8.44280e+000   0.00000e+000
      296    0    0    1      1.02655e+001   8.76750e+000   0.00000e+000
      297    0    0    1      1.06457e+001   9.09230e+000   0.00000e+000
      298    0    0    1      1.10259e+001   9.41700e+000   0.00000e+000
      299    0    0    1      1.14061e+001   9.74170e+000   0.00000e+000
      300    0    0    1      1.17863e+001   1.00664e+001   0.00000e+000
      301    0    0    1      1.21665e+001   1.03912e+001   0.00000e+000
      302    0    0    1      1.25467e+001   1.07159e+001   0.00000e+000
      303    0    0    1      1.29269e+001   1.10406e+001   0.00000e+000
      304    0    0    1      1.33071e+001   1.13653e+001   0.00000e+000
      305    0    0    1      1.36873e+001   1.16901e+001   0.00000e+000
      306    0    0    1      1.40675e+001   1.20148e+001   0.00000e+000
      307    0    0    1      1.44477e+001   1.23395e+001   0.00000e+000
      308    0    0    1      1.48279e+001   1.26642e+001   0.00000e+000
      309    0    0    1      1.52081e+001   1.29890e+001   0.00000e+000
      310    0    0    1      7.34320e+000   6.78800e+000   0.00000e+000
      311    0    0    1      8.07750e+000   7.46680e+000   0.00000e+000
      312    0    0    1      8.81190e+000   8.14560e+000   0.00000e+000
      313    0    0    1      9.54620e+000   8.82440e+000   0.00000e+000
      314    0    0    1      1.02805e+001   9.50320e+000   0.00000e+000
      315    0    0    1      1.10148e+001   1.01820e+001   0.00000e+000
      316    0    0    1      1.17492e+001   1.08608e+001   0.00000e+000
      317    0    0    1      1.24835e+001   1.15396e+001   0.00000e+000
      318    0    0    1      1.32178e+001   1.22184e+001   0.00000e+000
      319    0    0    1      1.39521e+001   1.28972e+001   0.00000e+000
      320    0    0    1      1.46865e+001   1.35760e+001   0.00000e+000
      321    0    0    1      7.07110e+000   7.07110e+000   0.00000e+000
      322    0    0    1      7.42460e+000   7.42460e+000   0.00000e+000
      323    0    0    1      7.77820e+000   7.77820e+000   0.00000e+000
      324    0    0    1      8.13170e+000   8.13170e+000   0.00000e+000
      325    0    0    1      8.48530e+000   8.48530e+000   0.00000e+000
      326    0    0    1      8.83880e+000   8.83880e+000   0.00000e+000
      327    0    0    1      9.19240e+000   9.19240e+000   0.00000e+000
      328    0    0    1      9.54590e+000   9.54590e+000   0.00000e+000
      329    0    0    1      9.89950e+000   9.89950e+000   0.00000e+000
      330    0    0    1      1.02530e+001   1.02530e+001   0.00000e+000
      331    0    0    1      1.06066e+001   1.06066e+001   0.00000e+000
      332    0    0    1      1.09602e+001   1.09602e+001   0.00000e+000
      333    0    0    1      1.13137e+001   1.13137e+001   0.00000e+000
      334    0    0    1      1.16673e+001   1.16673e+001   0.00000e+000
      335    0    0    1      1.20208e+001   1.20208e+001   0.00000e+000
      336    0    0    1      1.23744e+001   1.23744e+001   0.00000e+000
      337    0    0    1      1.27279e+001   1.27279e+001   0.00000e+000
      338    0    0    1      1.30815e+001   1.30815e+001   0.00000e+000
      339    0    0    1      1.34350e+001   1.34350e+001   0.00000e+000
      340    0    0    1      1.37886e+001   1.37886e+001   0.00000e+000
      341    0    0    1      1.41421e+001   1.41421e+001   0.00000e+000
      342    0    0    1      6.78800e+000   7.34320e+000   0.00000e+000
      343    0    0    1      7.46680e+000   8.07750e+000   0.00000e+000
      344    0    0    1      8.14560e+000   8.81190e+000   0.00000e+000
      345    0    0    1      8.82440e+000   9.54620e+000   0.00000e+000
      346    0    0    1      9.50320e+000   1.02805e+001   0.00000e+000
      347    0    0    1      1.01820e+001   1.10148e+001   0.00000e+000
      348    0    0    1      1.08608e+001   1.17492e+001   0.00000e+000
      349    0    0    1      1.15396e+001   1.24835e+001   0.00000e+000
      350    0    0    1      1.22184e+001   1.32178e+001   0.00000e+000
      351    0    0    1      1.28972e+001   1.39521e+001   0.00000e+000
      352    0    0    1      1.35760e+001   1.46865e+001   0.00000e+000
      353    0    0    1      6.49450e+000   7.60410e+000   0.00000e+000
      354    0    0    1      6.81920e+000   7.98430e+000   0.00000e+000
      355    0    0    1      7.14390e+000   8.36450e+000   0.00000e+000
      356    0    0    1      7.46870e+000   8.74470e+000   0.00000e+000
      357    0    0    1      7.79340e+000   9.12490e+000   0.00000e+000
      358    0    0    1      8.11810e+000   9.50510e+000   0.00000e+000
      359    0    0    1      8.44280e+000   9.88530e+000   0.00000e+000
      360    0    0    1      8.76750e+000   1.02655e+001   0.00000e+000
      361    0    0    1      9.09230e+000   1.06457e+001   0.00000e+000
      362    0    0    1      9.41700e+000   1.10259e+001   0.00000e+000
      363    0    0    1      9.74170e+000   1.14061e+001   0.00000e+000
      364    0    0    1      1.00664e+001   1.17863e+001   0.00000e+000
      365    0    0    1      1.03912e+001   1.21665e+001   0.00000e+000
      366    0    0    1      1.07159e+001   1.25467e+001   0.00000e+000
      367    0    0    1      1.10406e+001   1.29269e+001   0.00000e+000
      368    0    0    1      1.13653e+001   1.33071e+001   0.00000e+000
      369    0    0    1      1.16901e+001   1.36873e+001   0.00000e+000
      370    0    0    1      1.20148e+001   1.40675e+001   0.00000e+000
      371    0    0    1      1.23395e+001   1.44477e+001   0.00000e+000
      372    0    0    1      1.26642e+001   1.48279e+001   0.00000e+000
      373    0    0    1      1.29890e+001   1.52081e+001   0.00000e+000
      374    0    0    1      6.19090e+000   7.85320e+000   0.00000e+000
      375    0    0    1      6.81000e+000   8.63850e+000   0.00000e+000
      376    0    0    1      7.42910e+000   9.42380e+000   0.00000e+000
      377    0    0    1      8.04820e+000   1.02091e+001   0.00000e+000
      378    0    0    1      8.66730e+000   1.09944e+001   0.00000e+000
      379    0    0    1      9.28640e+000   1.17798e+001   0.00000e+000
      380    0    0    1      9.90550e+000   1.25651e+001   0.00000e+000
      381    0    0    1      1.05246e+001   1.33504e+001   0.00000e+000
      382    0    0    1      1.11437e+001   1.41357e+001   0.00000e+000
      383    0    0    1      1.17628e+001   1.49210e+001   0.00000e+000
      384    0    0    1      1.23819e+001   1.57063e+001   0.00000e+000
      385    0    0    1      5.87790e+000   8.09020e+000   0.00000e+000
      386    0    0    1      6.17170e+000   8.49470e+000   0.00000e+000
      387    0    0    1      6.46560e+000   8.89920e+000   0.00000e+000
      388    0    0    1      6.75950e+000   9.30370e+000   0.00000e+000
      389    0    0    1      7.05340e+000   9.70820e+000   0.00000e+000
      390    0    0    1      7.34730e+000   1.01127e+001   0.00000e+000
      391    0    0    1      7.64120e+000   1.05172e+001   0.00000e+000
      392    0    0    1      7.93510e+000   1.09217e+001   0.00000e+000
      393    0    0    1      8.22900e+000   1.13262e+001   0.00000e+000
      394    0    0    1      8.52290e+000   1.17307e+001   0.00000e+000
      395    0    0    1      8.81680e+000   1.21353e+001   0.00000e+000
      396    0    0    1      9.11070e+000   1.25398e+001   0.00000e+000
      397    0    0    1      9.40460e+000   1.29443e+001   0.00000e+000
      398    0    0    1      9.69850e+000   1.33488e+001   0.00000e+000
      399    0    0    1      9.99230e+000   1.37533e+001   0.00000e+000
      400    0    0    1      1.02862e+001   1.41578e+001   0.00000e+000
      401    0    0    1      1.05801e+001   1.45623e+001   0.00000e+000
      402    0    0    1      1.08740e+001   1.49668e+001   0.00000e+000
      403    0    0    1      1.11679e+001   1.53713e+001   0.00000e+000
      404    0    0    1      1.14618e+001   1.57758e+001   0.00000e+000
      405    0    0    1      1.17557e+001   1.61803e+001   0.00000e+000
      406    0    0    1      5.55570e+000   8.31470e+000   0.00000e+000
      407    0    0    1      6.11130e+000   9.14620e+000   0.00000e+000
      408    0    0    1      6.66680e+000   9.97760e+000   0.00000e+000
      409    0    0    1      7.22240e+000   1.08091e+001   0.00000e+000
      410    0    0    1      7.77800e+000   1.16406e+001   0.00000e+000
      411    0    0    1      8.33360e+000   1.24720e+001   0.00000e+000
      412    0    0    1      8.88910e+000   1.33035e+001   0.00000e+000
      413    0    0    1      9.44470e+000   1.41350e+001   0.00000e+000
      414    0    0    1      1.00003e+001   1.49665e+001   0.00000e+000
      415    0    0    1      1.05558e+001   1.57979e+001   0.00000e+000
      416    0    0    1      1.11114e+001   1.66294e+001   0.00000e+000
      417    0    0    1      5.22500e+000   8.52640e+000   0.00000e+000
      418    0    0    1      5.48620e+000   8.95270e+000   0.00000e+000
      419    0    0    1      5.74750e+000   9.37900e+000   0.00000e+000
      420    0    0    1      6.00870e+000   9.80540e+000   0.00000e+000
      421    0    0    1      6.27000e+000   1.02317e+001   0.00000e+000
      422    0    0    1      6.53120e+000   1.06580e+001   0.00000e+000
      423    0    0    1      6.79250e+000   1.10843e+001   0.00000e+000
      424    0    0    1      7.05370e+000   1.15106e+001   0.00000e+000
      425    0    0    1      7.31500e+000   1.19370e+001   0.00000e+000
      426    0    0    1      7.57620e+000   1.23633e+001   0.00000e+000
      427    0    0    1      7.83750e+000   1.27896e+001   0.00000e+000
      428    0    0    1      8.09870e+000   1.32159e+001   0.00000e+000
      429    0    0    1      8.36000e+000   1.36422e+001   0.00000e+000
      430    0    0    1      8.62120e+000   1.40686e+001   0.00000e+000
      431    0    0    1      8.88250e+000   1.44949e+001   0.00000e+000
      432    0    0    1      9.14370e+000   1.49212e+001   0.00000e+000
      433    0    0    1      9.40500e+000   1.53475e+001   0.00000e+000
      434    0    0    1      9.66620e+000   1.57738e+001   0.00000e+000
      435    0    0    1      9.92750e+000   1.62002e+001   0.00000e+000
      436    0    0    1      1.01887e+001   1.66265e+001   0.00000e+000
      437    0    0    1      1.04500e+001   1.70528e+001   0.00000e+000
      438    0    0    1      4.88620e+000   8.72500e+000   0.00000e+000
      439    0    0    1      5.37480e+000   9.59750e+000   0.00000e+000
      440    0    0    1      5.86350e+000   1.04700e+001   0.00000e+000
      441    0    0    1      6.35210e+000   1.13424e+001   0.00000e+000
      442    0    0    1      6.84070e+000   1.22149e+001   0.00000e+000
      443    0    0    1      7.32930e+000   1.30874e+001   0.00000e+000
      444    0    0    1      7.81790e+000   1.39599e+001   0.00000e+000
      445    0    0    1      8.30660e+000   1.48324e+001   0.00000e+000
      446    0    0    1      8.79520e+000   1.57049e+001   0.00000e+000
      447    0    0    1      9.28380e+000   1.65774e+001   0.00000e+000
      448    0    0    1      9.77240e+000   1.74499e+001   0.00000e+000
      449    0    0    1      4.53990e+000   8.91010e+000   0.00000e+000
      450    0    0    1      4.76690e+000   9.35560e+000   0.00000e+000
      451    0    0    1      4.99390e+000   9.80110e+000   0.00000e+000
      452    0    0    1      5.22090e+000   1.02466e+001   0.00000e+000
      453    0    0    1      5.44790e+000   1.06921e+001   0.00000e+000
      454    0    0    1      5.67490e+000   1.11376e+001   0.00000e+000
      455    0    0    1      5.90190e+000   1.15831e+001   0.00000e+000
      456    0    0    1      6.12890e+000   1.20286e+001   0.00000e+000
      457    0    0    1      6.35590e+000   1.24741e+001   0.00000e+000
      458    0    0    1      6.58290e+000   1.29196e+001   0.00000e+000
      459    0    0    1      6.80990e+000   1.33651e+001   0.00000e+000
      460    0    0    1      7.03690e+000   1.38106e+001   0.00000e+000
      461    0    0    1      7.26380e+000   1.42561e+001   0.00000e+000
      462    0    0    1      7.49080e+000   1.47016e+001   0.00000e+000
      463    0    0    1      7.71780e+000   1.51471e+001   0.00000e+000
      464    0    0    1      7.94480e+000   1.55926e+001   0.00000e+000
      465    0    0    1      8.17180e+000   1.60381e+001   0.00000e+000
      466    0    0    1      8.39880e+000   1.64836e+001   0.00000e+000
      467    0    0    1      8.62580e+000   1.69291e+001   0.00000e+000
      468    0    0    1      8.85280e+000   1.73746e+001   0.00000e+000
      469    0    0    1      9.07980e+000   1.78201e+001   0.00000e+000
      470    0    0    1      4.18660e+000   9.08140e+000   0.00000e+000
      471    0    0    1      4.60530e+000   9.98960e+000   0.00000e+000
      472    0    0    1      5.02390e+000   1.08977e+001   0.00000e+000
      473    0    0    1      5.44260e+000   1.18059e+001   0.00000e+000
      474    0    0    1      5.86120e+000   1.27140e+001   0.00000e+000
      475    0    0    1      6.27990e+000   1.36221e+001   0.00000e+000
      476    0    0    1      6.69860e+000   1.45303e+001   0.00000e+000
      477    0    0    1      7.11720e+000   1.54384e+001   0.00000e+000
      478    0    0    1      7.53590e+000   1.63466e+001   0.00000e+000
      479    0    0    1      7.95450e+000   1.72547e+001   0.00000e+000
      480    0    0    1      8.37320e+000   1.81629e+001   0.00000e+000
      481    0    0    1      3.82680e+000   9.23880e+000   0.00000e+000
      482    0    0    1      4.01820e+000   9.70070e+000   0.00000e+000
      483    0    0    1      4.20950e+000   1.01627e+001   0.00000e+000
      484    0    0    1      4.40090e+000   1.06246e+001   0.00000e+000
      485    0    0    1      4.59220e+000   1.10866e+001   0.00000e+000
      486    0    0    1      4.78350e+000   1.15485e+001   0.00000e+000
      487    0    0    1      4.97490e+000   1.20104e+001   0.00000e+000
      488    0    0    1      5.16620e+000   1.24724e+001   0.00000e+000
      489    0    0    1      5.35760e+000   1.29343e+001   0.00000e+000
      490    0    0    1      5.54890e+000   1.33963e+001   0.00000e+000
      491    0    0    1      5.74030e+000   1.38582e+001   0.00000e+000
      492    0    0    1      5.93160e+000   1.43201e+001   0.00000e+000
      493    0    0    1      6.12290e+000   1.47821e+001   0.00000e+000
      494    0    0    1      6.31430e+000   1.52440e+001   0.00000e+000
      495    0    0    1      6.50560e+000   1.57060e+001   0.00000e+000
      496    0    0    1      6.69700e+000   1.61679e+001   0.00000e+000
      497    0    0    1      6.88830e+000   1.66298e+001   0.00000e+000
      498    0    0    1      7.07960e+000   1.70918e+001   0.00000e+000
      499    0    0    1      7.27100e+000   1.75537e+001   0.00000e+000
      500    0    0    1      7.46230e+000   1.80157e+001   0.00000e+000
      501    0    0    1      7.65370e+000   1.84776e+001   0.00000e+000
      502    0    0    1      3.46120e+000   9.38190e+000   0.00000e+000
      503    0    0    1      3.80730e+000   1.03201e+001   0.00000e+000
      504    0    0    1      4.15340e+000   1.12583e+001   0.00000e+000
      505    0    0    1      4.49950e+000   1.21965e+001   0.00000e+000
      506    0    0    1      4.84560e+000   1.31347e+001   0.00000e+000
      507    0    0    1      5.19180e+000   1.40729e+001   0.00000e+000
      508    0    0    1      5.53790e+000   1.50111e+001   0.00000e+000
      509    0    0    1      5.88400e+000   1.59493e+001   0.00000e+000
      510    0    0    1      6.23010e+000   1.68874e+001   0.00000e+000
      511    0    0    1      6.57620e+000   1.78256e+001   0.00000e+000
      512    0    0    1      6.92230e+000   1.87638e+001   0.00000e+000
      513    0    0    1      3.09020e+000   9.51060e+000   0.00000e+000
      514    0    0    1      3.24470e+000   9.98610e+000   0.00000e+000
      515    0    0    1      3.39920e+000   1.04616e+001   0.00000e+000
      516    0    0    1      3.55370e+000   1.09371e+001   0.00000e+000
      517    0    0    1      3.70820e+000   1.14127e+001   0.00000e+000
      518    0    0    1      3.86270e+000   1.18882e+001   0.00000e+000
      519    0    0    1      4.01720e+000   1.23637e+001   0.00000e+000
      520    0    0    1      4.17170e+000   1.28393e+001   0.00000e+000
      521    0    0    1      4.32620e+000   1.33148e+001   0.00000e+000
      522    0    0    1      4.48070e+000   1.37903e+001   0.00000e+000
      523    0    0    1      4.63530e+000   1.42658e+001   0.00000e+000
      524    0    0    1      4.78980e+000   1.47414e+001   0.00000e+000
      525    0    0    1      4.94430e+000   1.52169e+001   0.00000e+000
      526    0    0    1      5.09880e+000   1.56924e+001   0.00000e+000
      527    0    0    1      5.25330e+000   1.61680e+001   0.00000e+000
      528    0    0    1      5.40780e+000   1.66435e+001   0.00000e+000
      529    0    0    1      5.56230e+000   1.71190e+001   0.00000e+000
      530    0    0    1      5.71680e+000   1.75945e+001   0.00000e+000
      531    0    0    1      5.87130e+000   1.80701e+001   0.00000e+000
      532    0    0    1      6.02580e+000   1.85456e+001   0.00000e+000
      533    0    0    1      6.18030e+000   1.90211e+001   0.00000e+000
      534    0    0    1      2.71440e+000   9.62460e+000   0.00000e+000
      535    0    0    1      2.98580e+000   1.05870e+001   0.00000e+000
      536    0    0    1      3.25730e+000   1.15495e+001   0.00000e+000
      537    0    0    1      3.52870e+000   1.25119e+001   0.00000e+000
      538    0    0    1      3.80020e+000   1.34744e+001   0.00000e+000
      539    0    0    1      4.07160e+000   1.44368e+001   0.00000e+000
      540    0    0    1      4.34300e+000   1.53993e+001   0.00000e+000
      541    0    0    1      4.61450e+000   1.63617e+001   0.00000e+000
      542    0    0    1      4.88590e+000   1.73242e+001   0.00000e+000
      543    0    0    1      5.15740e+000   1.82866e+001   0.00000e+000
      544    0    0    1      5.42880e+000   1.92491e+001   0.00000e+000
      545    0    0    1      2.33450e+000   9.72370e+000   0.00000e+000
      546    0    0    1      2.45120e+000   1.02099e+001   0.00000e+000
      547    0    0    1      2.56790e+000   1.06961e+001   0.00000e+000
      548    0    0    1      2.68460e+000   1.11823e+001   0.00000e+000
      549    0    0    1      2.80130e+000   1.16684e+001   0.00000e+000
      550    0    0    1      2.91810e+000   1.21546e+001   0.00000e+000
      551    0    0    1      3.03480e+000   1.26408e+001   0.00000e+000
      552    0    0    1      3.15150e+000   1.31270e+001   0.00000e+000
      553    0    0    1      3.26820e+000   1.36132e+001   0.00000e+000
      554    0    0    1      3.38500e+000   1.40994e+001   0.00000e+000
      555    0    0    1      3.50170e+000   1.45855e+001   0.00000e+000
      556    0    0    1      3.61840e+000   1.50717e+001   0.00000e+000
      557    0    0    1      3.73510e+000   1.55579e+001   0.00000e+000
      558    0    0    1      3.85180e+000   1.60441e+001   0.00000e+000
      559    0    0    1      3.96860e+000   1.65303e+001   0.00000e+000
      560    0    0    1      4.08530e+000   1.70165e+001   0.00000e+000
      561    0    0    1      4.20200e+000   1.75027e+001   0.00000e+000
      562    0    0    1      4.31870e+000   1.79888e+001   0.00000e+000
      563    0    0    1      4.43550e+000   1.84750e+001   0.00000e+000
      564    0    0    1      4.55220e+000   1.89612e+001   0.00000e+000
      565    0    0    1      4.66890e+000   1.94474e+001   0.00000e+000
      566    0    0    1      1.95090e+000   9.80790e+000   0.00000e+000
      567    0    0    1      2.14600e+000   1.07886e+001   0.00000e+000
      568    0    0    1      2.34110e+000   1.17694e+001   0.00000e+000
      569    0    0    1      2.53620e+000   1.27502e+001   0.00000e+000
      570    0    0    1      2.73130e+000   1.37310e+001   0.00000e+000
      571    0    0    1      2.92640e+000   1.47118e+001   0.00000e+000
      572    0    0    1      3.12140e+000   1.56926e+001   0.00000e+000
      573    0    0    1      3.31650e+000   1.66733e+001   0.00000e+000
      574    0    0    1      3.51160e+000   1.76541e+001   0.00000e+000
      575    0    0    1      3.70670e+000   1.86349e+001   0.00000e+000
      576    0    0    1      3.90180e+000   1.96157e+001   0.00000e+000
      577    0    0    1      1.56430e+000   9.87690e+000   0.00000e+000
      578    0    0    1      1.64260e+000   1.03707e+001   0.00000e+000
      579    0    0    1      1.72080e+000   1.08646e+001   0.00000e+000
      580    0    0    1      1.79900e+000   1.13584e+001   0.00000e+000
      581    0    0    1      1.87720e+000   1.18523e+001   0.00000e+000
      582    0    0    1      1.95540e+000   1.23461e+001   0.00000e+000
      583    0    0    1      2.03360e+000   1.28399e+001   0.00000e+000
      584    0    0    1      2.11190e+000   1.33338e+001   0.00000e+000
      585    0    0    1      2.19010e+000   1.38276e+001   0.00000e+000
      586    0    0    1      2.26830e+000   1.43215e+001   0.00000e+000
      587    0    0    1      2.34650e+000   1.48153e+001   0.00000e+000
      588    0    0    1      2.42470e+000   1.53092e+001   0.00000e+000
      589    0    0    1      2.50300e+000   1.58030e+001   0.00000e+000
      590    0    0    1      2.58120e+000   1.62969e+001   0.00000e+000
      591    0    0    1      2.65940e+000   1.67907e+001   0.00000e+000
      592    0    0    1      2.73760e+000   1.72845e+001   0.00000e+000
      593    0    0    1      2.81580e+000   1.77784e+001   0.00000e+000
      594    0    0    1      2.89400e+000   1.82722e+001   0.00000e+000
      595    0    0    1      2.97230e+000   1.87661e+001   0.00000e+000
      596    0    0    1      3.05050e+000   1.92599e+001   0.00000e+000
      597    0    0    1      3.12870e+000   1.97538e+001   0.00000e+000
      598    0    0    1      1.17540e+000   9.93070e+000   0.00000e+000
      599    0    0    1      1.29290e+000   1.09238e+001   0.00000e+000
      600    0    0    1      1.41040e+000   1.19168e+001   0.00000e+000
      601    0    0    1      1.52800e+000   1.29099e+001   0.00000e+000
      602    0    0    1      1.64550e+000   1.39030e+001   0.00000e+000
      603    0    0    1      1.76310e+000   1.48960e+001   0.00000e+000
      604    0    0    1      1.88060e+000   1.58891e+001   0.00000e+000
      605    0    0    1      1.99810e+000   1.68822e+001   0.00000e+000
      606    0    0    1      2.11570e+000   1.78752e+001   0.00000e+000
      607    0    0    1      2.23320e+000   1.88683e+001   0.00000e+000
      608    0    0    1      2.35070e+000   1.98614e+001   0.00000e+000
      609    0    0    1      7.84600e-001   9.96920e+000   0.00000e+000
      610    0    0    1      8.23800e-001   1.04676e+001   0.00000e+000
      611    0    0    1      8.63100e-001   1.09661e+001   0.00000e+000
      612    0    0    1      9.02300e-001   1.14645e+001   0.00000e+000
      613    0    0    1      9.41500e-001   1.19630e+001   0.00000e+000
      614    0    0    1      9.80700e-001   1.24615e+001   0.00000e+000
      615    0    0    1      1.02000e+000   1.29599e+001   0.00000e+000
      616    0    0    1      1.05920e+000   1.34584e+001   0.00000e+000
      617    0    0    1      1.09840e+000   1.39568e+001   0.00000e+000
      618    0    0    1      1.13770e+000   1.44553e+001   0.00000e+000
      619    0    0    1      1.17690e+000   1.49538e+001   0.00000e+000
      620    0    0    1      1.21610e+000   1.54522e+001   0.00000e+000
      621    0    0    1      1.25530e+000   1.59507e+001   0.00000e+000
      622    0    0    1      1.29460e+000   1.64491e+001   0.00000e+000
      623    0    0    1      1.33380e+000   1.69476e+001   0.00000e+000
      624    0    0    1      1.37300e+000   1.74461e+001   0.00000e+000
      625    0    0    1      1.41230e+000   1.79445e+001   0.00000e+000
      626    0    0    1      1.45150e+000   1.84430e+001   0.00000e+000
      627    0    0    1      1.49070e+000   1.89414e+001   0.00000e+000
      628    0    0    1      1.53000e+000   1.94399e+001   0.00000e+000
      629    0    0    1      1.56920e+000   1.99383e+001   0.00000e+000
      630    0    0    1      3.92600e-001   9.99230e+000   0.00000e+000
      631    0    0    1      4.31900e-001   1.09915e+001   0.00000e+000
      632    0    0    1      4.71100e-001   1.19907e+001   0.00000e+000
      633    0    0    1      5.10400e-001   1.29900e+001   0.00000e+000
      634    0    0    1      5.49600e-001   1.39892e+001   0.00000e+000
      635    0    0    1      5.88900e-001   1.49884e+001   0.00000e+000
      636    0    0    1      6.28200e-001   1.59877e+001   0.00000e+000
      637    0    0    1      6.67400e-001   1.69869e+001   0.00000e+000
      638    0    0    1      7.06700e-001   1.79861e+001   0.00000e+000
      639    0    0    1      7.45900e-001   1.89854e+001   0.00000e+000
      640    0    0    1      7.85200e-001   1.99846e+001   0.00000e+000
      641    1    0    1      0.00000e+000   1.00000e+001   0.00000e+000
      642    1    0    1      0.00000e+000   1.05000e+001   0.00000e+000
      643    1    0    1      0.00000e+000   1.10000e+001   0.00000e+000
      644    1    0    1      0.00000e+000   1.15000e+001   0.00000e+000
      645    1    0    1      0.00000e+000   1.20000e+001   0.00000e+000
      646    1    0    1      0.00000e+000   1.25000e+001   0.00000e+000
      647    1    0    1      0.00000e+000   1.30000e+001   0.00000e+000
      648    1    0    1      0.00000e+000   1.35000e+001   0.00000e+000
      649    1    0    1      0.00000e+000   1.40000e+001   0.00000e+000
      650    1    0    1      0.00000e+000   1.45000e+001   0.00000e+000
      651    1    0    1      0.00000e+000   1.50000e+001   0.00000e+000
      652    1    0    1      0.00000e+000   1.55000e+001   0.00000e+000
      653    1    0    1      0.00000e+000   1.60000e+001   0.00000e+000
      654    1    0    1      0.00000e+000   1.65000e+001   0.00000e+000
      655    1    0    1      0.00000e+000   1.70000e+001   0.00000e+000
      656    1    0    1      0.00000e+000   1.75000e+001   0.00000e+000
      657    1    0    1      0.00000e+000   1.80000e+001   0.00000e+000
      658    1    0    1      0.00000e+000   1.85000e+001   0.00000e+000
      659    1    0    1      0.00000e+000   1.90000e+001   0.00000e+000
      660    1    0    1      0.00000e+000   1.95000e+001   0.00000e+000
      661    1    0    1      0.00000e+000   2.00000e+001   0.00000e+000

 EQUATION NUMBERS

   NODE NUMBER   DEGREES OF FREEDOM
        N           X    Y    Z
        1           0    0    0
        2           0    0    0
        3           0    0    0
        4           0    0    0
        5           0    0    0
        6           0    0    0
        7           0    0    0
        8           0    0    0
        9           0    0    0
       10           0    0    0
       11           0    0    0
       12           0    0    0
       13           0    0    0
       14           0    0    0
       15           0    0    0
       16           0    0    0
       17           0    0    0
       18           0    0    0
       19           0    0    0
       20           0    0    0
       21           0    0    0
       22           1    2    0
       23           3    4    0
       24           5    6    0
       25           7    8    0
       26           9   10    0
       27          11   12    0
       28          13   14    0
       29          15   16    0
       30          17   18    0
       31          19   20    0
       32          21   22    0
       33          23   24    0
       34          25   26    0
       35          27   28    0
       36          29   30    0
       37          31   32    0
       38          33   34    0
       39          35   36    0
       40          37   38    0
       41          39   40    0
       42          41   42    0
       43          43   44    0
       44          45   46    0
       45          47   48    0
       46          49   50    0
       47          51   52    0
       48          53   54    0
       49          55   56    0
       50          57   58    0
       51          59   60    0
       52          61   62    0
       53          63   64    0
       54          65   66    0
       55          67   68    0
       56          69   70    0
       57          71   72    0
       58          73   74    0
       59          75   76    0
       60          77   78    0
       61          79   80    0
       62          81   82    0
       63          83   84    0
       64          85   86    0
       65          87   88    0
       66          89   90    0
       67          91   92    0
       68          93   94    0
       69          95   96    0
       70          97   98    0
       71          99  100    0
       72         101  102    0
       73         103  104    0
       74         105  106    0
       75         107  108    0
       76         109  110    0
       77         111  112    0
       78         113  114    0
       79         115  116    0
       80         117  118    0
       81         119  120    0
       82         121  122    0
       83         123  124    0
       84         125  126    0
       85         127  128    0
       86         129  130    0
       87         131  132    0
       88         133  134    0
       89         135  136    0
       90         137  138    0
       91         139  140    0
       92         141  142    0
       93         143  144    0
       94         145  146    0
       95         147  148    0
       96         149  150    0
       97         151  152    0
       98         153  154    0
       99         155  156    0
      100         157  158    0
      101         159  160    0
      102         161  162    0
      103         163  164    0
      104         165  166    0
      105         167  168    0
      106         169  170    0
      107         171  172    0
      108         173  174    0
      109         175  176    0
      110         177  178    0
      111         179  180    0
      112         181  182    0
      113         183  184    0
      114         185  186    0
      115         187  188    0
      116         189  190    0
      117         191  192    0
      118         193  194    0
      119         195  196    0
      120         197  198    0
      121         199  200    0
      122         201  202    0
      123         203  204    0
      124         205  206    0
      125         207  208    0
      126         209  210    0
      127         211  212    0
      128         213  214    0
      129         215  216    0
      130         217  218    0
      131         219  220    0
      132         221  222    0
      133         223  224    0
      134         225  226    0
      135         227  228    0
      136         229  230    0
      137         231  232    0
      138         233  234    0
      139         235  236    0
      140         237  238    0
      141         239  240    0
      142         241  242    0
      143         243  244    0
      144         245  246    0
      145         247  248    0
      146         249  250    0
      147         251  252    0
      148         253  254    0
      149         255  256    0
      150         257  258    0
      151         259  260    0
      152         261  262    0
      153         263  264    0
      154         265  266    0
      155         267  268    0
      156         269  270    0
      157         271  272    0
      158         273  274    0
      159         275  276    0
      160         277  278    0
      161         279  280    0
      162         281  282    0
      163         283  284    0
      164         285  286    0
      165         287  288    0
      166         289  290    0
      167         291  292    0
      168         293  294    0
      169         295  296    0
      170         297  298    0
      171         299  300    0
      172         301  302    0
      173         303  304    0
      174         305  306    0
      175         307  308    0
      176         309  310    0
      177         311  312    0
      178         313  314    0
      179         315  316    0
      180         317  318    0
      181         319  320    0
      182         321  322    0
      183         323  324    0
      184         325  326    0
      185         327  328    0
      186         329  330    0
      187         331  332    0
      188         333  334    0
      189         335  336    0
      190         337  338    0
      191         339  340    0
      192         341  342    0
      193         343  344    0
      194         345  346    0
      195         347  348    0
      196         349  350    0
      197         351  352    0
      198         353  354    0
      199         355  356    0
      200         357  358    0
      201         359  360    0
      202         361  362    0
      203         363  364    0
      204         365  366    0
      205         367  368    0
      206         369  370    0
      207         371  372    0
      208         373  374    0
      209         375  376    0
      210         377  378    0
      211         379  380    0
      212         381  382    0
      213         383  384    0
      214         385  386    0
      215         387  388    0
      216         389  390    0
      217         391  392    0
      218         393  394    0
      219         395  396    0
      220         397  398    0
      221         399  400    0
      222         401  402    0
      223         403  404    0
      224         405  406    0
      225         407  408    0
      226         409  410    0
      227         411  412    0
      228         413  414    0
      229         415  416    0
      230         417  418    0
      231         419  420    0
      232         421  422    0
      233         423  424    0
      234         425  426    0
      235         427  428    0
      236         429  430    0
      237         431  432    0
      238         433  434    0
      239         435  436    0
      240         437  438    0
      241         439  440    0
      242         441  442    0
      243         443  444    0
      244         445  446    0
      245         447  448    0
      246         449  450    0
      247         451  452    0
      248         453  454    0
      249         455  456    0
      250         457  458    0
      251         459  460    0
      252         461  462    0
      253         463  464    0
      254         465  466    0
      255         467  468    0
      256         469  470    0
      257         471  472    0
      258         473  474    0
      259         475  476    0
      260         477  478    0
      261         479  480    0
      262         481  482    0
      263         483  484    0
      264         485  486    0
      265         487  488    0
      266         489  490    0
      267         491  492    0
      268         493  494    0
      269         495  496    0
      270         497  498    0
      271         499  500    0
      272         501  502    0
      273         503  504    0
      274         505  506    0
      275         507  508    0
      276         509  510    0
      277         511  512    0
      278         513  514    0
      279         515  516    0
      280         517  518    0
      281         519  520    0
      282         521  522    0
      283         523  524    0
      284         525  526    0
      285         527  528    0
      286         529  530    0
      287         531  532    0
      288         533  534    0
      289         535  536    0
      290         537  538    0
      291         539  540    0
      292         541  542    0
      293         543  544    0
      294         545  546    0
      295         547  548    0
      296         549  550    0
      297         551  552    0
      298         553  554    0
      299         555  556    0
      300         557  558    0
      301         559  560    0
      302         561  562    0
      303         563  564    0
      304         565  566    0
      305         567  568    0
      306         569  570    0
      307         571  572    0
      308         573  574    0
      309         575  576    0
      310         577  578    0
      311         579  580    0
      312         581  582    0
      313         583  584    0
      314         585  586    0
      315         587  588    0
      316         589  590    0
      317         591  592    0
      318         593  594    0
      319         595  596    0
      320         597  598    0
      321         599  600    0
      322         601  602    0
      323         603  604    0
      324         605  606    0
      325         607  608    0
      326         609  610    0
      327         611  612    0
      328         613  614    0
      329         615  616    0
      330         617  618    0
      331         619  620    0
      332         621  622    0
      333         623  624    0
      334         625  626    0
      335         627  628    0
      336         629  630    0
      337         631  632    0
      338         633  634    0
      339         635  636    0
      340         637  638    0
      341         639  640    0
      342         641  642    0
      343         643  644    0
      344         645  646    0
      345         647  648    0
      346         649  650    0
      347         651  652    0
      348         653  654    0
      349         655  656    0
      350         657  658    0
      351         659  660    0
      352         661  662    0
      353         663  664    0
      354         665  666    0
      355         667  668    0
      356         669  670    0
      357         671  672    0
      358         673  674    0
      359         675  676    0
      360         677  678    0
      361         679  680    0
      362         681  682    0
      363         683  684    0
      364         685  686    0
      365         687  688    0
      366         689  690    0
      367         691  692    0
      368         693  694    0
      369         695  696    0
      370         697  698    0
      371         699  700    0
      372         701  702    0
      373         703  704    0
      374         705  706    0
      375         707  708    0
      376         709  710    0
      377         711  712    0
      378         713  714    0
      379         715  716    0
      380         717  718    0
      381         719  720    0
      382         721  722    0
      383         723  724    0
      384         725  726    0
      385         727  728    0
      386         729  730    0
      387         731  732    0
      388         733  734    0
      389         735  736    0
      390         737  738    0
      391         739  740    0
      392         741  742    0
      393         743  744    0
      394         745  746    0
      395         747  748    0
      396         749  750    0
      397         751  752    0
      398         753  754    0
      399         755  756    0
      400         757  758    0
      401         759  760    0
      402         761  762    0
      403         763  764    0
      404         765  766    0
      405         767  768    0
      406         769  770    0
      407         771  772    0
      408         773  774    0
      409         775  776    0
      410         777  778    0
      411         779  780    0
      412         781  782    0
      413         783  784    0
      414         785  786    0
      415         787  788    0
      416         789  790    0
      417         791  792    0
      418         793  794    0
      419         795  796    0
      420         797  798    0
      421         799  800    0
      422         801  802    0
      423         803  804    0
      424         805  806    0
      425         807  808    0
      426         809  810    0
      427         811  812    0
      428         813  814    0
      429         815  816    0
      430         817  818    0
      431         819  820    0
      432         821  822    0
      433         823  824    0
      434         825  826    0
      435         827  828    0
      436         829  830    0
      437         831  832    0
      438         833  834    0
      439         835  836    0
      440         837  838    0
      441         839  840    0
      442         841  842    0
      443         843  844    0
      444         845  846    0
      445         847  848    0
      446         849  850    0
      447         851  852    0
      448         853  854    0
      449         855  856    0
      450         857  858    0
      451         859  860    0
      452         861  862    0
      453         863  864    0
      454         865  866    0
      455         867  868    0
      456         869  870    0
      457         871  872    0
      458         873  874    0
      459         875  876    0
      460         877  878    0
      461         879  880    0
      462         881  882    0
      463         883  884    0
      464         885  886    0
      465         887  888    0
      466         889  890    0
      467         891  892    0
      468         893  894    0
      469         895  896    0
      470         897  898    0
      471         899  900    0
      472         901  902    0
      473         903  904    0
      474         905  906    0
      475         907  908    0
      476         909  910    0
      477         911  912    0
      478         913  914    0
      479         915  916    0
      480         917  918    0
      481         919  920    0
      482         921  922    0
      483         923  924    0
      484         925  926    0
      485         927  928    0
      486         929  930    0
      487         931  932    0
      488         933  934    0
      489         935  936    0
      490         937  938    0
      491         939  940    0
      492         941  942    0
      493         943  944    0
      494         945  946    0
      495         947  948    0
      496         949  950    0
      497         951  952    0
      498         953  954    0
      499         955  956    0
      500         957  958    0
      501         959  960    0
      502         961  962    0
      503         963  964    0
      504         965  966    0
      505         967  968    0
      506         969  970    0
      507         971  972    0
      508         973  974    0
      509         975  976    0
      510         977  978    0
      511         979  980    0
      512         981  982    0
      513         983  984    0
      514         985  986    0
      515         987  988    0
      516         989  990    0
      517         991  992    0
      518         993  994    0
      519         995  996    0
      520         997  998    0
      521         999 1000    0
      522        1001 1002    0
      523        1003 1004    0
      524        1005 1006    0
      525        1007 1008    0
      526        1009 1010    0
      527        1011 1012    0
      528        1013 1014    0
      529        1015 1016    0
      530        1017 1018    0
      531        1019 1020    0
      532        1021 1022    0
      533        1023 1024    0
      534        1025 1026    0
      535        1027 1028    0
      536        1029 1030    0
      537        1031 1032    0
      538        1033 1034    0
      539        1035 1036    0
      540        1037 1038    0
      541        1039 1040    0
      542        1041 1042    0
      543        1043 1044    0
      544        1045 1046    0
      545        1047 1048    0
      546        1049 1050    0
      547        1051 1052    0
      548        1053 1054    0
      549        1055 1056    0
      550        1057 1058    0
      551        1059 1060    0
      552        1061 1062    0
      553        1063 1064    0
      554        1065 1066    0
      555        1067 1068    0
      556        1069 1070    0
      557        1071 1072    0
      558        1073 1074    0
      559        1075 1076    0
      560        1077 1078    0
      561        1079 1080    0
      562        1081 1082    0
      563        1083 1084    0
      564        1085 1086    0
      565        1087 1088    0
      566        1089 1090    0
      567        1091 1092    0
      568        1093 1094    0
      569        1095 1096    0
      570        1097 1098    0
      571        1099 1100    0
      572        1101 1102    0
      573        1103 1104    0
      574        1105 1106    0
      575        1107 1108    0
      576        1109 1110    0
      577        1111 1112    0
      578        1113 1114    0
      579        1115 1116    0
      580        1117 1118    0
      581        1119 1120    0
      582        1121 1122    0
      583        1123 1124    0
      584        1125 1126    0
      585        1127 1128    0
      586        1129 1130    0
      587        1131 1132    0
      588        1133 1134    0
      589        1135 1136    0
      590        1137 1138    0
      591        1139 1140    0
      592        1141 1142    0
      593        1143 1144    0
      594        1145 1146    0
      595        1147 1148    0
      596        1149 1150    0
      597        1151 1152    0
      598        1153 1154    0
      599        1155 1156    0
      600        1157 1158    0
      601        1159 1160    0
      602        1161 1162    0
      603        1163 1164    0
      604        1165 1166    0
      605        1167 1168    0
      606        1169 1170    0
      607        1171 1172    0
      608        1173 1174    0
      609        1175 1176    0
      610        1177 1178    0
      611        1179 1180    0
      612        1181 1182    0
      613        1183 1184    0
      614        1185 1186    0
      615        1187 1188    0
      616        1189 1190    0
      617        1191 1192    0
      618        1193 1194    0
      619        1195 1196    0
      620        1197 1198    0
      621        1199 1200    0
      622        1201 1202    0
      623        1203 1204    0
      624        1205 1206    0
      625        1207 1208    0
      626        1209 1210    0
      627        1211 1212    0
      628        1213 1214    0
      629        1215 1216    0
      630        1217 1218    0
      631        1219 1220    0
      632        1221 1222    0
      633        1223 1224    0
      634        1225 1226    0
      635        1227 1228    0
      636        1229 1230    0
      637        1231 1232    0
      638        1233 1234    0
      639        1235 1236    0
      640        1237 1238    0
      641           0 1239    0
      642           0 1240    0
      643           0 1241    0
      644           0 1242    0
      645           0 1243    0
      646           0 1244    0
      647           0 1245    0
      648           0 1246    0
      649           0 1247    0
      650           0 1248    0
      651           0 1249    0
      652           0 1250    0
      653           0 1251    0
      654           0 1252    0
      655           0 1253    0
      656           0 1254    0
      657           0 1255    0
      658           0 1256    0
      659           0 1257    0
      660           0 1258    0
      661           0 1259    0

 L O A D   C A S E   D A T A

     LOAD CASE NUMBER . . . . . . . =     1
     NUMBER OF CONCENTRATED LOADS . =     1

    NODE       DIRECTION      LOAD
   NUMBER                   MAGNITUDE
    661            2      -1.00000e+003

 E L E M E N T   G R O U P   D A T A


 E L E M E N T   D E F I N I T I O N

 ELEMENT TYPE  . . . . . . . . . . . . .( NPAR(1) ) . . =    8
     EQ.1, TRUSS ELEMENTS
     EQ.2, Q4 ELEMENTS
     EQ.8, AX8R ELEMENTS
     EQ.3, NOT AVAILABLE

 NUMBER OF ELEMENTS. . . . . . . . . . .( NPAR(2) ) . . =  200

 M A T E R I A L   D E F I N I T I O N

 NUMBER OF DIFFERENT SETS OF MATERIAL
 AND CROSS-SECTIONAL  CONSTANTS  . . . .( NPAR(3) ) . . =    1

  SET       YOUNG'S     POISSON'S        DENSITY
 NUMBER     MODULUS       RATIO                    
               E            v              rou     
    1    2.10000e+011    3.00000e-001    7.90000e+003


 E L E M E N T   I N F O R M A T I O N
 ELEMENT     NODE     NODE     NODE     NODE     NODE     NODE     NODE     NODE       MATERIAL
 NUMBER-N      I        J        K        L        M        N        O        P       SET NUMBER
    1          1        3       35       33        2       23       34       22           1
    2          3        5       37       35        4       24       36       23           1
    3          5        7       39       37        6       25       38       24           1
    4          7        9       41       39        8       26       40       25           1
    5          9       11       43       41       10       27       42       26           1
    6         11       13       45       43       12       28       44       27           1
    7         13       15       47       45       14       29       46       28           1
    8         15       17       49       47       16       30       48       29           1
    9         17       19       51       49       18       31       50       30           1
   10         19       21       53       51       20       32       52       31           1
   11         33       35       67       65       34       55       66       54           1
   12         35       37       69       67       36       56       68       55           1
   13         37       39       71       69       38       57       70       56           1
   14         39       41       73       71       40       58       72       57           1
   15         41       43       75       73       42       59       74       58           1
   16         43       45       77       75       44       60       76       59           1
   17         45       47       79       77       46       61       78       60           1
   18         47       49       81       79       48       62       80       61           1
   19         49       51       83       81       50       63       82       62           1
   20         51       53       85       83       52       64       84       63           1
   21         65       67       99       97       66       87       98       86           1
   22         67       69      101       99       68       88      100       87           1
   23         69       71      103      101       70       89      102       88           1
   24         71       73      105      103       72       90      104       89           1
   25         73       75      107      105       74       91      106       90           1
   26         75       77      109      107       76       92      108       91           1
   27         77       79      111      109       78       93      110       92           1
   28         79       81      113      111       80       94      112       93           1
   29         81       83      115      113       82       95      114       94           1
   30         83       85      117      115       84       96      116       95           1
   31         97       99      131      129       98      119      130      118           1
   32         99      101      133      131      100      120      132      119           1
   33        101      103      135      133      102      121      134      120           1
   34        103      105      137      135      104      122      136      121           1
   35        105      107      139      137      106      123      138      122           1
   36        107      109      141      139      108      124      140      123           1
   37        109      111      143      141      110      125      142      124           1
   38        111      113      145      143      112      126      144      125           1
   39        113      115      147      145      114      127      146      126           1
   40        115      117      149      147      116      128      148      127           1
   41        129      131      163      161      130      151      162      150           1
   42        131      133      165      163      132      152      164      151           1
   43        133      135      167      165      134      153      166      152           1
   44        135      137      169      167      136      154      168      153           1
   45        137      139      171      169      138      155      170      154           1
   46        139      141      173      171      140      156      172      155           1
   47        141      143      175      173      142      157      174      156           1
   48        143      145      177      175      144      158      176      157           1
   49        145      147      179      177      146      159      178      158           1
   50        147      149      181      179      148      160      180      159           1
   51        161      163      195      193      162      183      194      182           1
   52        163      165      197      195      164      184      196      183           1
   53        165      167      199      197      166      185      198      184           1
   54        167      169      201      199      168      186      200      185           1
   55        169      171      203      201      170      187      202      186           1
   56        171      173      205      203      172      188      204      187           1
   57        173      175      207      205      174      189      206      188           1
   58        175      177      209      207      176      190      208      189           1
   59        177      179      211      209      178      191      210      190           1
   60        179      181      213      211      180      192      212      191           1
   61        193      195      227      225      194      215      226      214           1
   62        195      197      229      227      196      216      228      215           1
   63        197      199      231      229      198      217      230      216           1
   64        199      201      233      231      200      218      232      217           1
   65        201      203      235      233      202      219      234      218           1
   66        203      205      237      235      204      220      236      219           1
   67        205      207      239      237      206      221      238      220           1
   68        207      209      241      239      208      222      240      221           1
   69        209      211      243      241      210      223      242      222           1
   70        211      213      245      243      212      224      244      223           1
   71        225      227      259      257      226      247      258      246           1
   72        227      229      261      259      228      248      260      247           1
   73        229      231      263      261      230      249      262      248           1
   74        231      233      265      263      232      250      264      249           1
   75        233      235      267      265      234      251      266      250           1
   76        235      237      269      267      236      252      268      251           1
   77        237      239      271      269      238      253      270      252           1
   78        239      241      273      271      240      254      272      253           1
   79        241      243      275      273      242      255      274      254           1
   80        243      245      277      275      244      256      276      255           1
   81        257      259      291      289      258      279      290      278           1
   82        259      261      293      291      260      280      292      279           1
   83        261      263      295      293      262      281      294      280           1
   84        263      265      297      295      264      282      296      281           1
   85        265      267      299      297      266      283      298      282           1
   86        267      269      301      299      268      284      300      283           1
   87        269      271      303      301      270      285      302      284           1
   88        271      273      305      303      272      286      304      285           1
   89        273      275      307      305      274      287      306      286           1
   90        275      277      309      307      276      288      308      287           1
   91        289      291      323      321      290      311      322      310           1
   92        291      293      325      323      292      312      324      311           1
   93        293      295      327      325      294      313      326      312           1
   94        295      297      329      327      296      314      328      313           1
   95        297      299      331      329      298      315      330      314           1
   96        299      301      333      331      300      316      332      315           1
   97        301      303      335      333      302      317      334      316           1
   98        303      305      337      335      304      318      336      317           1
   99        305      307      339      337      306      319      338      318           1
  100        307      309      341      339      308      320      340      319           1
  101        321      323      355      353      322      343      354      342           1
  102        323      325      357      355      324      344      356      343           1
  103        325      327      359      357      326      345      358      344           1
  104        327      329      361      359      328      346      360      345           1
  105        329      331      363      361      330      347      362      346           1
  106        331      333      365      363      332      348      364      347           1
  107        333      335      367      365      334      349      366      348           1
  108        335      337      369      367      336      350      368      349           1
  109        337      339      371      369      338      351      370      350           1
  110        339      341      373      371      340      352      372      351           1
  111        353      355      387      385      354      375      386      374           1
  112        355      357      389      387      356      376      388      375           1
  113        357      359      391      389      358      377      390      376           1
  114        359      361      393      391      360      378      392      377           1
  115        361      363      395      393      362      379      394      378           1
  116        363      365      397      395      364      380      396      379           1
  117        365      367      399      397      366      381      398      380           1
  118        367      369      401      399      368      382      400      381           1
  119        369      371      403      401      370      383      402      382           1
  120        371      373      405      403      372      384      404      383           1
  121        385      387      419      417      386      407      418      406           1
  122        387      389      421      419      388      408      420      407           1
  123        389      391      423      421      390      409      422      408           1
  124        391      393      425      423      392      410      424      409           1
  125        393      395      427      425      394      411      426      410           1
  126        395      397      429      427      396      412      428      411           1
  127        397      399      431      429      398      413      430      412           1
  128        399      401      433      431      400      414      432      413           1
  129        401      403      435      433      402      415      434      414           1
  130        403      405      437      435      404      416      436      415           1
  131        417      419      451      449      418      439      450      438           1
  132        419      421      453      451      420      440      452      439           1
  133        421      423      455      453      422      441      454      440           1
  134        423      425      457      455      424      442      456      441           1
  135        425      427      459      457      426      443      458      442           1
  136        427      429      461      459      428      444      460      443           1
  137        429      431      463      461      430      445      462      444           1
  138        431      433      465      463      432      446      464      445           1
  139        433      435      467      465      434      447      466      446           1
  140        435      437      469      467      436      448      468      447           1
  141        449      451      483      481      450      471      482      470           1
  142        451      453      485      483      452      472      484      471           1
  143        453      455      487      485      454      473      486      472           1
  144        455      457      489      487      456      474      488      473           1
  145        457      459      491      489      458      475      490      474           1
  146        459      461      493      491      460      476      492      475           1
  147        461      463      495      493      462      477      494      476           1
  148        463      465      497      495      464      478      496      477           1
  149        465      467      499      497      466      479      498      478           1
  150        467      469      501      499      468      480      500      479           1
  151        481      483      515      513      482      503      514      502           1
  152        483      485      517      515      484      504      516      503           1
  153        485      487      519      517      486      505      518      504           1
  154        487      489      521      519      488      506      520      505           1
  155        489      491      523      521      490      507      522      506           1
  156        491      493      525      523      492      508      524      507           1
  157        493      495      527      525      494      509      526      508           1
  158        495      497      529      527      496      510      528      509           1
  159        497      499      531      529      498      511      530      510           1
  160        499      501      533      531      500      512      532      511           1
  161        513      515      547      545      514      535      546      534           1
  162        515      517      549      547      516      536      548      535           1
  163        517      519      551      549      518      537      550      536           1
  164        519      521      553      551      520      538      552      537           1
  165        521      523      555      553      522      539      554      538           1
  166        523      525      557      555      524      540      556      539           1
  167        525      527      559      557      526      541      558      540           1
  168        527      529      561      559      528      542      560      541           1
  169        529      531      563      561      530      543      562      542           1
  170        531      533      565      563      532      544      564      543           1
  171        545      547      579      577      546      567      578      566           1
  172        547      549      581      579      548      568      580      567           1
  173        549      551      583      581      550      569      582      568           1
  174        551      553      585      583      552      570      584      569           1
  175        553      555      587      585      554      571      586      570           1
  176        555      557      589      587      556      572      588      571           1
  177        557      559      591      589      558      573      590      572           1
  178        559      561      593      591      560      574      592      573           1
  179        561      563      595      593      562      575      594      574           1
  180        563      565      597      595      564      576      596      575           1
  181        577      579      611      609      578      599      610      598           1
  182        579      581      613      611      580      600      612      599           1
  183        581      583      615      613      582      601      614      600           1
  184        583      585      617      615      584      602      616      601           1
  185        585      587      619      617      586      603      618      602           1
  186        587      589      621      619      588      604      620      603           1
  187        589      591      623      621      590      605      622      604           1
  188        591      593      625      623      592      606      624      605           1
  189        593      595      627      625      594      607      626      606           1
  190        595      597      629      627      596      608      628      607           1
  191        609      611      643      641      610      631      642      630           1
  192        611      613      645      643      612      632      644      631           1
  193        613      615      647      645      614      633      646      632           1
  194        615      617      649      647      616      634      648      633           1
  195        617      619      651      649      618      635      650      634           1
  196        619      621      653      651      620      636      652      635           1
  197        621      623      655      653      622      637      654      636           1
  198        623      625      657      655      624      638      656      637           1
  199        625      627      659      657      626      639      658      638           1
  200        627      629      661      659      628      640      660      639           1

	TOTAL SYSTEM DATA

     NUMBER OF EQUATIONS . . . . . . . . . . . . . .(NEQ) = 1259
     NUMBER OF MATRIX ELEMENTS . . . . . . . . . . .(NWK) = 69956
     MAXIMUM HALF BANDWIDTH  . . . . . . . . . . . .(MK ) = 70
     MEAN HALF BANDWIDTH . . . . . . . . . . . . . .(MM ) = 55


