TITLE : CAX8R element in dynamic analysis
        (12:50:50 on May 4, 2020, Monday)

C O N T R O L   I N F O R M A T I O N

      NUMBER OF NODAL POINTS . . . . . . . . . . (NUMNP)  =     8
      NUMBER OF ELEMENT GROUPS . . . . . . . . . (NUMEG)  =     1
      NUMBER OF LOAD CASES . . . . . . . . . . . (NLCASE) =     1
      SOLUTION MODE  . . . . . . . . . . . . . . (MODEX)  =     3
         EQ.0, DATA CHECK
         EQ.1, STATISTIC
         EQ.2, MODAL ANALYSIS
         EQ.3, DYNAMICS

 N O D A L   P O I N T   D A T A

    NODE       BOUNDARY                         NODAL POINT
   NUMBER  CONDITION  CODES                     COORDINATES
        1    1    1    1      0.00000e+000   0.00000e+000   0.00000e+000
        2    1    1    1      1.00000e+002   0.00000e+000   0.00000e+000
        3    0    0    1      1.00000e+002   1.00000e+002   0.00000e+000
        4    0    0    1      0.00000e+000   1.00000e+002   0.00000e+000
        5    1    1    1      5.00000e+001   0.00000e+000   0.00000e+000
        6    0    0    1      1.00000e+002   5.00000e+001   0.00000e+000
        7    0    0    1      5.00000e+001   1.00000e+002   0.00000e+000
        8    0    0    1      0.00000e+000   5.00000e+001   0.00000e+000

 EQUATION NUMBERS

   NODE NUMBER   DEGREES OF FREEDOM
        N           X    Y    Z
        1           0    0    0
        2           0    0    0
        3           1    2    0
        4           3    4    0
        5           0    0    0
        6           5    6    0
        7           7    8    0
        8           9   10    0

 L O A D   C A S E   D A T A

     LOAD CASE NUMBER . . . . . . . =     1
     NUMBER OF CONCENTRATED LOADS . =     3

    NODE       DIRECTION      LOAD
   NUMBER                   MAGNITUDE
      3            2      -6.27744e+066
      7            2      -6.27744e+066
      4            2      -6.27744e+066

 E L E M E N T   G R O U P   D A T A


 E L E M E N T   D E F I N I T I O N

 ELEMENT TYPE  . . . . . . . . . . . . .( NPAR(1) ) . . =    8
     EQ.1, TRUSS ELEMENTS
     EQ.2, Q4 ELEMENTS
     EQ.8, AX8R ELEMENTS
     EQ.3, NOT AVAILABLE

 NUMBER OF ELEMENTS. . . . . . . . . . .( NPAR(2) ) . . =    1

 M A T E R I A L   D E F I N I T I O N

 NUMBER OF DIFFERENT SETS OF MATERIAL
 AND CROSS-SECTIONAL  CONSTANTS  . . . .( NPAR(3) ) . . =    1

  SET       YOUNG'S     POISSON'S        DENSITY
 NUMBER     MODULUS       RATIO                    
               E            v              rou     
    1    2.00000e+011    3.00000e-001    7.90000e+003


 E L E M E N T   I N F O R M A T I O N
 ELEMENT     NODE     NODE     NODE     NODE     NODE     NODE     NODE     NODE       MATERIAL
 NUMBER-N      I        J        K        L        M        N        O        P       SET NUMBER
    1          1        2        3        4        5        6        7        8           1

	TOTAL SYSTEM DATA

     NUMBER OF EQUATIONS . . . . . . . . . . . . . .(NEQ) = 10
     NUMBER OF MATRIX ELEMENTS . . . . . . . . . . .(NWK) = 55
     MAXIMUM HALF BANDWIDTH  . . . . . . . . . . . .(MK ) = 10
     MEAN HALF BANDWIDTH . . . . . . . . . . . . . .(MM ) = 5


S T A R T: D Y N A M I C S  A N A L Y S I S

	Begin the Load case		1
	Finish the Load case		1

 S O L U T I O N   T I M E   L O G   I N   S E C 

     TIME FOR INPUT PHASE = 2.39000e-001
     TIME FOR CALCULATION OF STIFFNESS MATRIX = 2.60000e-002
     TIME FOR FACTORIZATION AND LOAD CASE SOLUTIONS = 4.68100e+000

     T O T A L   S O L U T I O N   T I M E = 4.94600e+000
