TITLE : CAX8R element in dynamic analysis
        (16:0:22 on May 18, 2020, Monday)

C O N T R O L   I N F O R M A T I O N

      NUMBER OF NODAL POINTS . . . . . . . . . . (NUMNP)  =     8
      NUMBER OF ELEMENT GROUPS . . . . . . . . . (NUMEG)  =     1
      NUMBER OF LOAD CASES . . . . . . . . . . . (NLCASE) =     1
      SOLUTION MODE  . . . . . . . . . . . . . . (MODEX)  =     3
         EQ.0, DATA CHECK
         EQ.1, STATISTIC
         EQ.2, MODAL ANALYSIS
         EQ.3, DYNAMICS

 N O D A L   P O I N T   D A T A

    NODE       BOUNDARY                         NODAL POINT
   NUMBER  CONDITION  CODES                     COORDINATES
        1    1    1    1       0.00000e+00    0.00000e+00    0.00000e+00
        2    1    1    1       1.00000e+02    0.00000e+00    0.00000e+00
        3    0    0    1       1.00000e+02    1.00000e+02    0.00000e+00
        4    0    0    1       0.00000e+00    1.00000e+02    0.00000e+00
        5    1    1    1       5.00000e+01    0.00000e+00    0.00000e+00
        6    0    0    1       1.00000e+02    5.00000e+01    0.00000e+00
        7    0    0    1       5.00000e+01    1.00000e+02    0.00000e+00
        8    0    0    1       0.00000e+00    5.00000e+01    0.00000e+00

 EQUATION NUMBERS

   NODE NUMBER   DEGREES OF FREEDOM
        N           X    Y    Z
        1           0    0    0
        2           0    0    0
        3           1    2    0
        4           3    4    0
        5           0    0    0
        6           5    6    0
        7           7    8    0
        8           9   10    0

 L O A D   C A S E   D A T A

     LOAD CASE NUMBER . . . . . . . =     1
     NUMBER OF CONCENTRATED LOADS . =     3

    NODE       DIRECTION      LOAD
   NUMBER                   MAGNITUDE
      3            2       -6.27744e+66
      7            2       -6.27744e+66
      4            2       -6.27744e+66

 E L E M E N T   G R O U P   D A T A


 E L E M E N T   D E F I N I T I O N

 ELEMENT TYPE  . . . . . . . . . . . . .( NPAR(1) ) . . =    8
     EQ.1, TRUSS ELEMENTS
     EQ.2, Q4 ELEMENTS
     EQ.8, AX8R ELEMENTS
     EQ.3, NOT AVAILABLE

 NUMBER OF ELEMENTS. . . . . . . . . . .( NPAR(2) ) . . =    1

 M A T E R I A L   D E F I N I T I O N

 NUMBER OF DIFFERENT SETS OF MATERIAL
 AND CROSS-SECTIONAL  CONSTANTS  . . . .( NPAR(3) ) . . =    1

  SET       YOUNG'S     POISSON'S        DENSITY
 NUMBER     MODULUS       RATIO                    
               E            v              rou     
    1     2.00000e+11     3.00000e-01     7.90000e+03


 E L E M E N T   I N F O R M A T I O N
 ELEMENT     NODE     NODE     NODE     NODE     NODE     NODE     NODE     NODE       MATERIAL
 NUMBER-N      I        J        K        L        M        N        O        P       SET NUMBER
    1          1        2        3        4        5        6        7        8           1

	TOTAL SYSTEM DATA

     NUMBER OF EQUATIONS . . . . . . . . . . . . . .(NEQ) = 10
     NUMBER OF MATRIX ELEMENTS . . . . . . . . . . .(NWK) = 55
     MAXIMUM HALF BANDWIDTH  . . . . . . . . . . . .(MK ) = 10
     MEAN HALF BANDWIDTH . . . . . . . . . . . . . .(MM ) = 5


S T A R T: D Y N A M I C S  A N A L Y S I S

	Begin the Load case		1
